<?xml version="1.0" encoding="UTF-8" ?>
<testsuite errors="0" failures="0" hostname="WWW-6746401C5A7" name="test.common.component.permission.action.PermissionActionTest" tests="3" time="3.391" timestamp="2009-06-23T14:04:10">
  <properties>
[...]
</properties>
  <testcase classname="test.common.component.permission.action.PermissionActionTest" name="testSave" time="1.531" />
  <testcase classname="test.common.component.permission.action.PermissionActionTest" name="testSearch" time="1.141" />
  <testcase classname="test.common.component.permission.action.PermissionActionTest" name="testEdit" time="0.703" />
  <system-out><![CDATA[Hibernate: select role0_.p_id as p1_1_, role0_.p_name as p2_1_, role0_.p_createTime as p3_1_, role0_.p_modifyTime as p4_1_, role0_.p_creator as p5_1_, role0_.p_modifier as p6_1_, role0_.p_remark as p7_1_, role0_.p_deleted as p8_1_ from t_role role0_ where 1=1 and (role0_.p_deleted is null)
Hibernate: select navigate0_.p_id as p1_3_, navigate0_.p_name as p2_3_, navigate0_.p_parent as p3_3_, navigate0_.p_order as p4_3_, navigate0_.p_url as p5_3_, navigate0_.p_createTime as p6_3_, navigate0_.p_modifyTime as p7_3_, navigate0_.p_creator as p8_3_, navigate0_.p_modifier as p9_3_, navigate0_.p_remark as p10_3_, navigate0_.p_deleted as p11_3_ from t_navigate navigate0_ where 1=1 and (navigate0_.p_deleted is null) order by navigate0_.p_id
Hibernate: select role0_.p_id as p1_1_, role0_.p_name as p2_1_, role0_.p_createTime as p3_1_, role0_.p_modifyTime as p4_1_, role0_.p_creator as p5_1_, role0_.p_modifier as p6_1_, role0_.p_remark as p7_1_, role0_.p_deleted as p8_1_ from t_role role0_ where 1=1 and (role0_.p_deleted is null)
Hibernate: select navigate0_.p_id as p1_3_, navigate0_.p_name as p2_3_, navigate0_.p_parent as p3_3_, navigate0_.p_order as p4_3_, navigate0_.p_url as p5_3_, navigate0_.p_createTime as p6_3_, navigate0_.p_modifyTime as p7_3_, navigate0_.p_creator as p8_3_, navigate0_.p_modifier as p9_3_, navigate0_.p_remark as p10_3_, navigate0_.p_deleted as p11_3_ from t_navigate navigate0_ where 1=1 and (navigate0_.p_deleted is null) order by navigate0_.p_id
2009-06-23 22:04:11,203 INFO  [main] jdbc.EcTableDAOJdbcImpl4MySQL (EcTableDAOJdbcImpl4MySQL.java:126) - ECTABLE JDBC :[insert into t_permission(p_id,p_role,p_navigate,p_checked) select CONCAT('1',p_id),'1',p_id,null from t_navigate t where t.p_deleted is null and t.p_id not in (select p_navigate from t_permission where p_role='1'), update t_permission set p_checked=1 where p_role='1' and p_navigate in('9','9000','9001','90010','90011','9002','90020','90021','9003','90030','9004','9100','9101','91010','91011','9102','91020','9103','91030','91031','91032'), update t_permission set p_checked=null where p_role='1' and p_navigate not in('9','9000','9001','90010','90011','9002','90020','90021','9003','90030','9004','9100','9101','91010','91011','9102','91020','9103','91030','91031','91032')]
Hibernate: select permission0_.p_id as p1_2_0_, navigate1_.p_id as p1_3_1_, navigate2_.p_id as p1_3_2_, permission0_.p_role as p2_2_0_, permission0_.p_checked as p3_2_0_, permission0_.p_navigate as p4_2_0_, permission0_.p_createTime as p5_2_0_, permission0_.p_modifyTime as p6_2_0_, permission0_.p_creator as p7_2_0_, permission0_.p_modifier as p8_2_0_, permission0_.p_remark as p9_2_0_, permission0_.p_deleted as p10_2_0_, navigate1_.p_name as p2_3_1_, navigate1_.p_parent as p3_3_1_, navigate1_.p_order as p4_3_1_, navigate1_.p_url as p5_3_1_, navigate1_.p_createTime as p6_3_1_, navigate1_.p_modifyTime as p7_3_1_, navigate1_.p_creator as p8_3_1_, navigate1_.p_modifier as p9_3_1_, navigate1_.p_remark as p10_3_1_, navigate1_.p_deleted as p11_3_1_, navigate2_.p_name as p2_3_2_, navigate2_.p_parent as p3_3_2_, navigate2_.p_order as p4_3_2_, navigate2_.p_url as p5_3_2_, navigate2_.p_createTime as p6_3_2_, navigate2_.p_modifyTime as p7_3_2_, navigate2_.p_creator as p8_3_2_, navigate2_.p_modifier as p9_3_2_, navigate2_.p_remark as p10_3_2_, navigate2_.p_deleted as p11_3_2_ from t_permission permission0_ left outer join t_navigate navigate1_ on permission0_.p_navigate=navigate1_.p_id left outer join t_navigate navigate2_ on navigate1_.p_parent=navigate2_.p_id where 1=1 and permission0_.p_role='1' and (permission0_.p_deleted is null)
Hibernate: select permission0_.p_id as p1_2_0_, navigate1_.p_id as p1_3_1_, navigate2_.p_id as p1_3_2_, permission0_.p_role as p2_2_0_, permission0_.p_checked as p3_2_0_, permission0_.p_navigate as p4_2_0_, permission0_.p_createTime as p5_2_0_, permission0_.p_modifyTime as p6_2_0_, permission0_.p_creator as p7_2_0_, permission0_.p_modifier as p8_2_0_, permission0_.p_remark as p9_2_0_, permission0_.p_deleted as p10_2_0_, navigate1_.p_name as p2_3_1_, navigate1_.p_parent as p3_3_1_, navigate1_.p_order as p4_3_1_, navigate1_.p_url as p5_3_1_, navigate1_.p_createTime as p6_3_1_, navigate1_.p_modifyTime as p7_3_1_, navigate1_.p_creator as p8_3_1_, navigate1_.p_modifier as p9_3_1_, navigate1_.p_remark as p10_3_1_, navigate1_.p_deleted as p11_3_1_, navigate2_.p_name as p2_3_2_, navigate2_.p_parent as p3_3_2_, navigate2_.p_order as p4_3_2_, navigate2_.p_url as p5_3_2_, navigate2_.p_createTime as p6_3_2_, navigate2_.p_modifyTime as p7_3_2_, navigate2_.p_creator as p8_3_2_, navigate2_.p_modifier as p9_3_2_, navigate2_.p_remark as p10_3_2_, navigate2_.p_deleted as p11_3_2_ from t_permission permission0_ left outer join t_navigate navigate1_ on permission0_.p_navigate=navigate1_.p_id left outer join t_navigate navigate2_ on navigate1_.p_parent=navigate2_.p_id where 1=1 and permission0_.p_role='1' and (permission0_.p_deleted is null)
Hibernate: select role0_.p_id as p1_1_, role0_.p_name as p2_1_, role0_.p_createTime as p3_1_, role0_.p_modifyTime as p4_1_, role0_.p_creator as p5_1_, role0_.p_modifier as p6_1_, role0_.p_remark as p7_1_, role0_.p_deleted as p8_1_ from t_role role0_ where 1=1 and (role0_.p_deleted is null)
Hibernate: select navigate0_.p_id as p1_3_, navigate0_.p_name as p2_3_, navigate0_.p_parent as p3_3_, navigate0_.p_order as p4_3_, navigate0_.p_url as p5_3_, navigate0_.p_createTime as p6_3_, navigate0_.p_modifyTime as p7_3_, navigate0_.p_creator as p8_3_, navigate0_.p_modifier as p9_3_, navigate0_.p_remark as p10_3_, navigate0_.p_deleted as p11_3_ from t_navigate navigate0_ where 1=1 and (navigate0_.p_deleted is null) order by navigate0_.p_id
-------------
2009-06-23 22:04:11,781 INFO  [main] jdbc.EcTableDAOJdbcImpl4MySQL (EcTableDAOJdbcImpl4MySQL.java:126) - ECTABLE JDBC :[insert into t_permission(p_id,p_role,p_navigate,p_checked) select CONCAT('1',p_id),'1',p_id,null from t_navigate t where t.p_deleted is null and t.p_id not in (select p_navigate from t_permission where p_role='1'), update t_permission set p_checked=1 where p_role='1' and p_navigate in('9','9000','9001','90010','90011','9002','90020','90021','9003','90030','9004','9100','9101','91010','91011','9102','91020','9103','91030','91031','91032'), update t_permission set p_checked=null where p_role='1' and p_navigate not in('9','9000','9001','90010','90011','9002','90020','90021','9003','90030','9004','9100','9101','91010','91011','9102','91020','9103','91030','91031','91032')]
Hibernate: select permission0_.p_id as p1_2_0_, navigate1_.p_id as p1_3_1_, navigate2_.p_id as p1_3_2_, permission0_.p_role as p2_2_0_, permission0_.p_checked as p3_2_0_, permission0_.p_navigate as p4_2_0_, permission0_.p_createTime as p5_2_0_, permission0_.p_modifyTime as p6_2_0_, permission0_.p_creator as p7_2_0_, permission0_.p_modifier as p8_2_0_, permission0_.p_remark as p9_2_0_, permission0_.p_deleted as p10_2_0_, navigate1_.p_name as p2_3_1_, navigate1_.p_parent as p3_3_1_, navigate1_.p_order as p4_3_1_, navigate1_.p_url as p5_3_1_, navigate1_.p_createTime as p6_3_1_, navigate1_.p_modifyTime as p7_3_1_, navigate1_.p_creator as p8_3_1_, navigate1_.p_modifier as p9_3_1_, navigate1_.p_remark as p10_3_1_, navigate1_.p_deleted as p11_3_1_, navigate2_.p_name as p2_3_2_, navigate2_.p_parent as p3_3_2_, navigate2_.p_order as p4_3_2_, navigate2_.p_url as p5_3_2_, navigate2_.p_createTime as p6_3_2_, navigate2_.p_modifyTime as p7_3_2_, navigate2_.p_creator as p8_3_2_, navigate2_.p_modifier as p9_3_2_, navigate2_.p_remark as p10_3_2_, navigate2_.p_deleted as p11_3_2_ from t_permission permission0_ left outer join t_navigate navigate1_ on permission0_.p_navigate=navigate1_.p_id left outer join t_navigate navigate2_ on navigate1_.p_parent=navigate2_.p_id where 1=1 and permission0_.p_role='1' and (permission0_.p_deleted is null)
Hibernate: select role0_.p_id as p1_1_, role0_.p_name as p2_1_, role0_.p_createTime as p3_1_, role0_.p_modifyTime as p4_1_, role0_.p_creator as p5_1_, role0_.p_modifier as p6_1_, role0_.p_remark as p7_1_, role0_.p_deleted as p8_1_ from t_role role0_ where 1=1 and (role0_.p_deleted is null)
Hibernate: select navigate0_.p_id as p1_3_, navigate0_.p_name as p2_3_, navigate0_.p_parent as p3_3_, navigate0_.p_order as p4_3_, navigate0_.p_url as p5_3_, navigate0_.p_createTime as p6_3_, navigate0_.p_modifyTime as p7_3_, navigate0_.p_creator as p8_3_, navigate0_.p_modifier as p9_3_, navigate0_.p_remark as p10_3_, navigate0_.p_deleted as p11_3_ from t_navigate navigate0_ where 1=1 and (navigate0_.p_deleted is null) order by navigate0_.p_id
-------------
Hibernate: select role0_.p_id as p1_1_, role0_.p_name as p2_1_, role0_.p_createTime as p3_1_, role0_.p_modifyTime as p4_1_, role0_.p_creator as p5_1_, role0_.p_modifier as p6_1_, role0_.p_remark as p7_1_, role0_.p_deleted as p8_1_ from t_role role0_ where 1=1 and (role0_.p_deleted is null)
Hibernate: select navigate0_.p_id as p1_3_, navigate0_.p_name as p2_3_, navigate0_.p_parent as p3_3_, navigate0_.p_order as p4_3_, navigate0_.p_url as p5_3_, navigate0_.p_createTime as p6_3_, navigate0_.p_modifyTime as p7_3_, navigate0_.p_creator as p8_3_, navigate0_.p_modifier as p9_3_, navigate0_.p_remark as p10_3_, navigate0_.p_deleted as p11_3_ from t_navigate navigate0_ where 1=1 and (navigate0_.p_deleted is null) order by navigate0_.p_id
Hibernate: select role0_.p_id as p1_1_, role0_.p_name as p2_1_, role0_.p_createTime as p3_1_, role0_.p_modifyTime as p4_1_, role0_.p_creator as p5_1_, role0_.p_modifier as p6_1_, role0_.p_remark as p7_1_, role0_.p_deleted as p8_1_ from t_role role0_ where 1=1 and (role0_.p_deleted is null)
Hibernate: select navigate0_.p_id as p1_3_, navigate0_.p_name as p2_3_, navigate0_.p_parent as p3_3_, navigate0_.p_order as p4_3_, navigate0_.p_url as p5_3_, navigate0_.p_createTime as p6_3_, navigate0_.p_modifyTime as p7_3_, navigate0_.p_creator as p8_3_, navigate0_.p_modifier as p9_3_, navigate0_.p_remark as p10_3_, navigate0_.p_deleted as p11_3_ from t_navigate navigate0_ where 1=1 and (navigate0_.p_deleted is null) order by navigate0_.p_id
-------------
]]></system-out>
  <system-err><![CDATA[]]></system-err>
</testsuite>
