<?xml version="1.0" encoding="UTF-8" ?>
<testsuite errors="0" failures="0" hostname="WWW-6746401C5A7" name="test.common.component.cms.action.ContentActionTest" tests="6" time="7.516" timestamp="2009-06-23T14:03:30">
  <properties>
[...]
</properties>
  <testcase classname="test.common.component.cms.action.ContentActionTest" name="testSave" time="1.781" />
  <testcase classname="test.common.component.cms.action.ContentActionTest" name="testDelete" time="1.703" />
  <testcase classname="test.common.component.cms.action.ContentActionTest" name="testUpdate" time="1.703" />
  <testcase classname="test.common.component.cms.action.ContentActionTest" name="testSearch" time="1.36" />
  <testcase classname="test.common.component.cms.action.ContentActionTest" name="testNewOne" time="0.656" />
  <testcase classname="test.common.component.cms.action.ContentActionTest" name="testEdit" time="0.297" />
  <system-out><![CDATA[Hibernate: select catalogue0_.p_id as p1_4_1_, catalogue0_.p_name as p2_4_1_, catalogue0_.p_parent as p3_4_1_, catalogue0_.p_order as p4_4_1_, catalogue0_.p_tablename as p5_4_1_, catalogue0_.p_version as p6_4_1_, catalogue0_.p_createTime as p7_4_1_, catalogue0_.p_modifyTime as p8_4_1_, catalogue0_.p_creator as p9_4_1_, catalogue0_.p_modifier as p10_4_1_, catalogue0_.p_remark as p11_4_1_, catalogue0_.p_deleted as p12_4_1_, catalogue1_.p_id as p1_4_0_, catalogue1_.p_name as p2_4_0_, catalogue1_.p_parent as p3_4_0_, catalogue1_.p_order as p4_4_0_, catalogue1_.p_tablename as p5_4_0_, catalogue1_.p_version as p6_4_0_, catalogue1_.p_createTime as p7_4_0_, catalogue1_.p_modifyTime as p8_4_0_, catalogue1_.p_creator as p9_4_0_, catalogue1_.p_modifier as p10_4_0_, catalogue1_.p_remark as p11_4_0_, catalogue1_.p_deleted as p12_4_0_ from t_catalogue catalogue0_ left outer join t_catalogue catalogue1_ on catalogue0_.p_parent=catalogue1_.p_id where catalogue0_.p_id=?
2009-06-23 22:03:31,421 INFO  [main] jdbc.EcTableDAOJdbcImpl4MySQL (EcTableDAOJdbcImpl4MySQL.java:118) - ECTABLE JDBC :insert into cms_news (p_createtime, p_title, p_id) values ('2009-06-23 22:03:31', 'test', '40288146220d6d4d01220d6dbcdd0005')
Hibernate: select catalogue0_.p_id as p1_4_1_, catalogue0_.p_name as p2_4_1_, catalogue0_.p_parent as p3_4_1_, catalogue0_.p_order as p4_4_1_, catalogue0_.p_tablename as p5_4_1_, catalogue0_.p_version as p6_4_1_, catalogue0_.p_createTime as p7_4_1_, catalogue0_.p_modifyTime as p8_4_1_, catalogue0_.p_creator as p9_4_1_, catalogue0_.p_modifier as p10_4_1_, catalogue0_.p_remark as p11_4_1_, catalogue0_.p_deleted as p12_4_1_, catalogue1_.p_id as p1_4_0_, catalogue1_.p_name as p2_4_0_, catalogue1_.p_parent as p3_4_0_, catalogue1_.p_order as p4_4_0_, catalogue1_.p_tablename as p5_4_0_, catalogue1_.p_version as p6_4_0_, catalogue1_.p_createTime as p7_4_0_, catalogue1_.p_modifyTime as p8_4_0_, catalogue1_.p_creator as p9_4_0_, catalogue1_.p_modifier as p10_4_0_, catalogue1_.p_remark as p11_4_0_, catalogue1_.p_deleted as p12_4_0_ from t_catalogue catalogue0_ left outer join t_catalogue catalogue1_ on catalogue0_.p_parent=catalogue1_.p_id where catalogue0_.p_id=?
Hibernate: select catalogue0_.p_id as p1_4_1_, catalogue0_.p_name as p2_4_1_, catalogue0_.p_parent as p3_4_1_, catalogue0_.p_order as p4_4_1_, catalogue0_.p_tablename as p5_4_1_, catalogue0_.p_version as p6_4_1_, catalogue0_.p_createTime as p7_4_1_, catalogue0_.p_modifyTime as p8_4_1_, catalogue0_.p_creator as p9_4_1_, catalogue0_.p_modifier as p10_4_1_, catalogue0_.p_remark as p11_4_1_, catalogue0_.p_deleted as p12_4_1_, catalogue1_.p_id as p1_4_0_, catalogue1_.p_name as p2_4_0_, catalogue1_.p_parent as p3_4_0_, catalogue1_.p_order as p4_4_0_, catalogue1_.p_tablename as p5_4_0_, catalogue1_.p_version as p6_4_0_, catalogue1_.p_createTime as p7_4_0_, catalogue1_.p_modifyTime as p8_4_0_, catalogue1_.p_creator as p9_4_0_, catalogue1_.p_modifier as p10_4_0_, catalogue1_.p_remark as p11_4_0_, catalogue1_.p_deleted as p12_4_0_ from t_catalogue catalogue0_ left outer join t_catalogue catalogue1_ on catalogue0_.p_parent=catalogue1_.p_id where catalogue0_.p_id=?
2009-06-23 22:03:31,906 INFO  [main] jdbc.EcTableDAOJdbcImpl4MySQL (EcTableDAOJdbcImpl4MySQL.java:89) - JDBC : SELECT count(*) FROM (     SELECT ECTABLE.*   FROM ( select * from cms_news where p_deleted is null ) ECTABLE  WHERE 1=1  ) totalTable 
2009-06-23 22:03:31,921 INFO  [main] jdbc.EcTableDAOJdbcImpl4MySQL (EcTableDAOJdbcImpl4MySQL.java:78) - ECTABLE JDBC :    SELECT ECTABLE.*   FROM ( select * from cms_news where p_deleted is null ) ECTABLE  WHERE 1=1  limit 0,30
-------------
Hibernate: select catalogue0_.p_id as p1_4_1_, catalogue0_.p_name as p2_4_1_, catalogue0_.p_parent as p3_4_1_, catalogue0_.p_order as p4_4_1_, catalogue0_.p_tablename as p5_4_1_, catalogue0_.p_version as p6_4_1_, catalogue0_.p_createTime as p7_4_1_, catalogue0_.p_modifyTime as p8_4_1_, catalogue0_.p_creator as p9_4_1_, catalogue0_.p_modifier as p10_4_1_, catalogue0_.p_remark as p11_4_1_, catalogue0_.p_deleted as p12_4_1_, catalogue1_.p_id as p1_4_0_, catalogue1_.p_name as p2_4_0_, catalogue1_.p_parent as p3_4_0_, catalogue1_.p_order as p4_4_0_, catalogue1_.p_tablename as p5_4_0_, catalogue1_.p_version as p6_4_0_, catalogue1_.p_createTime as p7_4_0_, catalogue1_.p_modifyTime as p8_4_0_, catalogue1_.p_creator as p9_4_0_, catalogue1_.p_modifier as p10_4_0_, catalogue1_.p_remark as p11_4_0_, catalogue1_.p_deleted as p12_4_0_ from t_catalogue catalogue0_ left outer join t_catalogue catalogue1_ on catalogue0_.p_parent=catalogue1_.p_id where catalogue0_.p_id=?
2009-06-23 22:03:31,937 INFO  [main] jdbc.EcTableDAOJdbcImpl4MySQL (EcTableDAOJdbcImpl4MySQL.java:118) - ECTABLE JDBC :update cms_news set p_deleted=1 where  p_id= '40288146220d6d4d01220d6db9240004'
Hibernate: select catalogue0_.p_id as p1_4_1_, catalogue0_.p_name as p2_4_1_, catalogue0_.p_parent as p3_4_1_, catalogue0_.p_order as p4_4_1_, catalogue0_.p_tablename as p5_4_1_, catalogue0_.p_version as p6_4_1_, catalogue0_.p_createTime as p7_4_1_, catalogue0_.p_modifyTime as p8_4_1_, catalogue0_.p_creator as p9_4_1_, catalogue0_.p_modifier as p10_4_1_, catalogue0_.p_remark as p11_4_1_, catalogue0_.p_deleted as p12_4_1_, catalogue1_.p_id as p1_4_0_, catalogue1_.p_name as p2_4_0_, catalogue1_.p_parent as p3_4_0_, catalogue1_.p_order as p4_4_0_, catalogue1_.p_tablename as p5_4_0_, catalogue1_.p_version as p6_4_0_, catalogue1_.p_createTime as p7_4_0_, catalogue1_.p_modifyTime as p8_4_0_, catalogue1_.p_creator as p9_4_0_, catalogue1_.p_modifier as p10_4_0_, catalogue1_.p_remark as p11_4_0_, catalogue1_.p_deleted as p12_4_0_ from t_catalogue catalogue0_ left outer join t_catalogue catalogue1_ on catalogue0_.p_parent=catalogue1_.p_id where catalogue0_.p_id=?
2009-06-23 22:03:32,375 INFO  [main] jdbc.EcTableDAOJdbcImpl4MySQL (EcTableDAOJdbcImpl4MySQL.java:118) - ECTABLE JDBC :insert into cms_news (p_createtime, p_title, p_id) values ('2009-06-23 22:03:32', 'test1', '40288146220d6d4d01220d6dc0970007')
Hibernate: select catalogue0_.p_id as p1_4_1_, catalogue0_.p_name as p2_4_1_, catalogue0_.p_parent as p3_4_1_, catalogue0_.p_order as p4_4_1_, catalogue0_.p_tablename as p5_4_1_, catalogue0_.p_version as p6_4_1_, catalogue0_.p_createTime as p7_4_1_, catalogue0_.p_modifyTime as p8_4_1_, catalogue0_.p_creator as p9_4_1_, catalogue0_.p_modifier as p10_4_1_, catalogue0_.p_remark as p11_4_1_, catalogue0_.p_deleted as p12_4_1_, catalogue1_.p_id as p1_4_0_, catalogue1_.p_name as p2_4_0_, catalogue1_.p_parent as p3_4_0_, catalogue1_.p_order as p4_4_0_, catalogue1_.p_tablename as p5_4_0_, catalogue1_.p_version as p6_4_0_, catalogue1_.p_createTime as p7_4_0_, catalogue1_.p_modifyTime as p8_4_0_, catalogue1_.p_creator as p9_4_0_, catalogue1_.p_modifier as p10_4_0_, catalogue1_.p_remark as p11_4_0_, catalogue1_.p_deleted as p12_4_0_ from t_catalogue catalogue0_ left outer join t_catalogue catalogue1_ on catalogue0_.p_parent=catalogue1_.p_id where catalogue0_.p_id=?
2009-06-23 22:03:32,468 INFO  [main] jdbc.EcTableDAOJdbcImpl4MySQL (EcTableDAOJdbcImpl4MySQL.java:112) - ECTABLE JDBC :select  p_id,p_title  from cms_news alias where  p_title='test1' and p_deleted is null 
Hibernate: select catalogue0_.p_id as p1_4_1_, catalogue0_.p_name as p2_4_1_, catalogue0_.p_parent as p3_4_1_, catalogue0_.p_order as p4_4_1_, catalogue0_.p_tablename as p5_4_1_, catalogue0_.p_version as p6_4_1_, catalogue0_.p_createTime as p7_4_1_, catalogue0_.p_modifyTime as p8_4_1_, catalogue0_.p_creator as p9_4_1_, catalogue0_.p_modifier as p10_4_1_, catalogue0_.p_remark as p11_4_1_, catalogue0_.p_deleted as p12_4_1_, catalogue1_.p_id as p1_4_0_, catalogue1_.p_name as p2_4_0_, catalogue1_.p_parent as p3_4_0_, catalogue1_.p_order as p4_4_0_, catalogue1_.p_tablename as p5_4_0_, catalogue1_.p_version as p6_4_0_, catalogue1_.p_createTime as p7_4_0_, catalogue1_.p_modifyTime as p8_4_0_, catalogue1_.p_creator as p9_4_0_, catalogue1_.p_modifier as p10_4_0_, catalogue1_.p_remark as p11_4_0_, catalogue1_.p_deleted as p12_4_0_ from t_catalogue catalogue0_ left outer join t_catalogue catalogue1_ on catalogue0_.p_parent=catalogue1_.p_id where catalogue0_.p_id=?
2009-06-23 22:03:32,828 INFO  [main] jdbc.EcTableDAOJdbcImpl4MySQL (EcTableDAOJdbcImpl4MySQL.java:118) - ECTABLE JDBC :update cms_news set p_deleted=1 where  p_id= '40288146220d6d4d01220d6dc0970007'
Hibernate: select catalogue0_.p_id as p1_4_1_, catalogue0_.p_name as p2_4_1_, catalogue0_.p_parent as p3_4_1_, catalogue0_.p_order as p4_4_1_, catalogue0_.p_tablename as p5_4_1_, catalogue0_.p_version as p6_4_1_, catalogue0_.p_createTime as p7_4_1_, catalogue0_.p_modifyTime as p8_4_1_, catalogue0_.p_creator as p9_4_1_, catalogue0_.p_modifier as p10_4_1_, catalogue0_.p_remark as p11_4_1_, catalogue0_.p_deleted as p12_4_1_, catalogue1_.p_id as p1_4_0_, catalogue1_.p_name as p2_4_0_, catalogue1_.p_parent as p3_4_0_, catalogue1_.p_order as p4_4_0_, catalogue1_.p_tablename as p5_4_0_, catalogue1_.p_version as p6_4_0_, catalogue1_.p_createTime as p7_4_0_, catalogue1_.p_modifyTime as p8_4_0_, catalogue1_.p_creator as p9_4_0_, catalogue1_.p_modifier as p10_4_0_, catalogue1_.p_remark as p11_4_0_, catalogue1_.p_deleted as p12_4_0_ from t_catalogue catalogue0_ left outer join t_catalogue catalogue1_ on catalogue0_.p_parent=catalogue1_.p_id where catalogue0_.p_id=?
2009-06-23 22:03:33,625 INFO  [main] jdbc.EcTableDAOJdbcImpl4MySQL (EcTableDAOJdbcImpl4MySQL.java:89) - JDBC : SELECT count(*) FROM (     SELECT ECTABLE.*   FROM ( select * from cms_news where p_deleted is null ) ECTABLE  WHERE 1=1  ) totalTable 
2009-06-23 22:03:33,640 INFO  [main] jdbc.EcTableDAOJdbcImpl4MySQL (EcTableDAOJdbcImpl4MySQL.java:78) - ECTABLE JDBC :    SELECT ECTABLE.*   FROM ( select * from cms_news where p_deleted is null ) ECTABLE  WHERE 1=1  limit 0,30
-------------
Hibernate: select catalogue0_.p_id as p1_4_1_, catalogue0_.p_name as p2_4_1_, catalogue0_.p_parent as p3_4_1_, catalogue0_.p_order as p4_4_1_, catalogue0_.p_tablename as p5_4_1_, catalogue0_.p_version as p6_4_1_, catalogue0_.p_createTime as p7_4_1_, catalogue0_.p_modifyTime as p8_4_1_, catalogue0_.p_creator as p9_4_1_, catalogue0_.p_modifier as p10_4_1_, catalogue0_.p_remark as p11_4_1_, catalogue0_.p_deleted as p12_4_1_, catalogue1_.p_id as p1_4_0_, catalogue1_.p_name as p2_4_0_, catalogue1_.p_parent as p3_4_0_, catalogue1_.p_order as p4_4_0_, catalogue1_.p_tablename as p5_4_0_, catalogue1_.p_version as p6_4_0_, catalogue1_.p_createTime as p7_4_0_, catalogue1_.p_modifyTime as p8_4_0_, catalogue1_.p_creator as p9_4_0_, catalogue1_.p_modifier as p10_4_0_, catalogue1_.p_remark as p11_4_0_, catalogue1_.p_deleted as p12_4_0_ from t_catalogue catalogue0_ left outer join t_catalogue catalogue1_ on catalogue0_.p_parent=catalogue1_.p_id where catalogue0_.p_id=?
2009-06-23 22:03:33,984 INFO  [main] jdbc.EcTableDAOJdbcImpl4MySQL (EcTableDAOJdbcImpl4MySQL.java:112) - ECTABLE JDBC :select  p_id,p_title  from cms_news alias where  p_title='test' 
Hibernate: select catalogue0_.p_id as p1_4_1_, catalogue0_.p_name as p2_4_1_, catalogue0_.p_parent as p3_4_1_, catalogue0_.p_order as p4_4_1_, catalogue0_.p_tablename as p5_4_1_, catalogue0_.p_version as p6_4_1_, catalogue0_.p_createTime as p7_4_1_, catalogue0_.p_modifyTime as p8_4_1_, catalogue0_.p_creator as p9_4_1_, catalogue0_.p_modifier as p10_4_1_, catalogue0_.p_remark as p11_4_1_, catalogue0_.p_deleted as p12_4_1_, catalogue1_.p_id as p1_4_0_, catalogue1_.p_name as p2_4_0_, catalogue1_.p_parent as p3_4_0_, catalogue1_.p_order as p4_4_0_, catalogue1_.p_tablename as p5_4_0_, catalogue1_.p_version as p6_4_0_, catalogue1_.p_createTime as p7_4_0_, catalogue1_.p_modifyTime as p8_4_0_, catalogue1_.p_creator as p9_4_0_, catalogue1_.p_modifier as p10_4_0_, catalogue1_.p_remark as p11_4_0_, catalogue1_.p_deleted as p12_4_0_ from t_catalogue catalogue0_ left outer join t_catalogue catalogue1_ on catalogue0_.p_parent=catalogue1_.p_id where catalogue0_.p_id=?
2009-06-23 22:03:33,984 INFO  [main] jdbc.EcTableDAOJdbcImpl4MySQL (EcTableDAOJdbcImpl4MySQL.java:112) - ECTABLE JDBC :select  *  from cms_news alias where  p_id ='40288146220d6d4d01220d6dbcdd0005'
Hibernate: select catalogue0_.p_id as p1_4_1_, catalogue0_.p_name as p2_4_1_, catalogue0_.p_parent as p3_4_1_, catalogue0_.p_order as p4_4_1_, catalogue0_.p_tablename as p5_4_1_, catalogue0_.p_version as p6_4_1_, catalogue0_.p_createTime as p7_4_1_, catalogue0_.p_modifyTime as p8_4_1_, catalogue0_.p_creator as p9_4_1_, catalogue0_.p_modifier as p10_4_1_, catalogue0_.p_remark as p11_4_1_, catalogue0_.p_deleted as p12_4_1_, catalogue1_.p_id as p1_4_0_, catalogue1_.p_name as p2_4_0_, catalogue1_.p_parent as p3_4_0_, catalogue1_.p_order as p4_4_0_, catalogue1_.p_tablename as p5_4_0_, catalogue1_.p_version as p6_4_0_, catalogue1_.p_createTime as p7_4_0_, catalogue1_.p_modifyTime as p8_4_0_, catalogue1_.p_creator as p9_4_0_, catalogue1_.p_modifier as p10_4_0_, catalogue1_.p_remark as p11_4_0_, catalogue1_.p_deleted as p12_4_0_ from t_catalogue catalogue0_ left outer join t_catalogue catalogue1_ on catalogue0_.p_parent=catalogue1_.p_id where catalogue0_.p_id=?
2009-06-23 22:03:34,531 INFO  [main] jdbc.EcTableDAOJdbcImpl4MySQL (EcTableDAOJdbcImpl4MySQL.java:118) - ECTABLE JDBC :update cms_news set p_title='test0', p_modifytime='2009-06-23 22:03:34' where  p_id= '40288146220d6d4d01220d6dbcdd0005'
Hibernate: select catalogue0_.p_id as p1_4_1_, catalogue0_.p_name as p2_4_1_, catalogue0_.p_parent as p3_4_1_, catalogue0_.p_order as p4_4_1_, catalogue0_.p_tablename as p5_4_1_, catalogue0_.p_version as p6_4_1_, catalogue0_.p_createTime as p7_4_1_, catalogue0_.p_modifyTime as p8_4_1_, catalogue0_.p_creator as p9_4_1_, catalogue0_.p_modifier as p10_4_1_, catalogue0_.p_remark as p11_4_1_, catalogue0_.p_deleted as p12_4_1_, catalogue1_.p_id as p1_4_0_, catalogue1_.p_name as p2_4_0_, catalogue1_.p_parent as p3_4_0_, catalogue1_.p_order as p4_4_0_, catalogue1_.p_tablename as p5_4_0_, catalogue1_.p_version as p6_4_0_, catalogue1_.p_createTime as p7_4_0_, catalogue1_.p_modifyTime as p8_4_0_, catalogue1_.p_creator as p9_4_0_, catalogue1_.p_modifier as p10_4_0_, catalogue1_.p_remark as p11_4_0_, catalogue1_.p_deleted as p12_4_0_ from t_catalogue catalogue0_ left outer join t_catalogue catalogue1_ on catalogue0_.p_parent=catalogue1_.p_id where catalogue0_.p_id=?
2009-06-23 22:03:35,328 INFO  [main] jdbc.EcTableDAOJdbcImpl4MySQL (EcTableDAOJdbcImpl4MySQL.java:89) - JDBC : SELECT count(*) FROM (     SELECT ECTABLE.*   FROM ( select * from cms_news where p_deleted is null ) ECTABLE  WHERE 1=1  ) totalTable 
2009-06-23 22:03:35,328 INFO  [main] jdbc.EcTableDAOJdbcImpl4MySQL (EcTableDAOJdbcImpl4MySQL.java:78) - ECTABLE JDBC :    SELECT ECTABLE.*   FROM ( select * from cms_news where p_deleted is null ) ECTABLE  WHERE 1=1  limit 0,30
-------------
Hibernate: select catalogue0_.p_id as p1_4_1_, catalogue0_.p_name as p2_4_1_, catalogue0_.p_parent as p3_4_1_, catalogue0_.p_order as p4_4_1_, catalogue0_.p_tablename as p5_4_1_, catalogue0_.p_version as p6_4_1_, catalogue0_.p_createTime as p7_4_1_, catalogue0_.p_modifyTime as p8_4_1_, catalogue0_.p_creator as p9_4_1_, catalogue0_.p_modifier as p10_4_1_, catalogue0_.p_remark as p11_4_1_, catalogue0_.p_deleted as p12_4_1_, catalogue1_.p_id as p1_4_0_, catalogue1_.p_name as p2_4_0_, catalogue1_.p_parent as p3_4_0_, catalogue1_.p_order as p4_4_0_, catalogue1_.p_tablename as p5_4_0_, catalogue1_.p_version as p6_4_0_, catalogue1_.p_createTime as p7_4_0_, catalogue1_.p_modifyTime as p8_4_0_, catalogue1_.p_creator as p9_4_0_, catalogue1_.p_modifier as p10_4_0_, catalogue1_.p_remark as p11_4_0_, catalogue1_.p_deleted as p12_4_0_ from t_catalogue catalogue0_ left outer join t_catalogue catalogue1_ on catalogue0_.p_parent=catalogue1_.p_id where catalogue0_.p_id=?
2009-06-23 22:03:36,671 INFO  [main] jdbc.EcTableDAOJdbcImpl4MySQL (EcTableDAOJdbcImpl4MySQL.java:89) - JDBC : SELECT count(*) FROM (     SELECT ECTABLE.*   FROM ( select * from cms_news where p_deleted is null ) ECTABLE  WHERE 1=1  ) totalTable 
2009-06-23 22:03:36,687 INFO  [main] jdbc.EcTableDAOJdbcImpl4MySQL (EcTableDAOJdbcImpl4MySQL.java:78) - ECTABLE JDBC :    SELECT ECTABLE.*   FROM ( select * from cms_news where p_deleted is null ) ECTABLE  WHERE 1=1  limit 0,30
-------------
-------------
-------------
]]></system-out>
  <system-err><![CDATA[]]></system-err>
</testsuite>
