<?xml version="1.0" encoding="UTF-8" ?>
<testsuites>
  <testsuite errors="0" failures="0" hostname="WWW-6746401C5A7" id="0" name="AttributeActionTest" package="test.common.component.cms.action" tests="6" time="27.156" timestamp="2009-06-23T14:02:54">
      <properties>
[...]
</properties>

      <testcase classname="test.common.component.cms.action.AttributeActionTest" name="testSave" time="21.343" />

      <testcase classname="test.common.component.cms.action.AttributeActionTest" name="testDelete" time="1.672" />

      <testcase classname="test.common.component.cms.action.AttributeActionTest" name="testUpdate" time="1.578" />

      <testcase classname="test.common.component.cms.action.AttributeActionTest" name="testSearch" time="1.11" />

      <testcase classname="test.common.component.cms.action.AttributeActionTest" name="testNewOne" time="0.797" />

      <testcase classname="test.common.component.cms.action.AttributeActionTest" name="testEdit" time="0.437" />

      <system-out><![CDATA[Hibernate: select catalogue0_.p_id as p1_4_, catalogue0_.p_name as p2_4_, catalogue0_.p_parent as p3_4_, catalogue0_.p_order as p4_4_, catalogue0_.p_tablename as p5_4_, catalogue0_.p_version as p6_4_, catalogue0_.p_createTime as p7_4_, catalogue0_.p_modifyTime as p8_4_, catalogue0_.p_creator as p9_4_, catalogue0_.p_modifier as p10_4_, catalogue0_.p_remark as p11_4_, catalogue0_.p_deleted as p12_4_ from t_catalogue catalogue0_ where 1=1 and (catalogue0_.p_deleted is null) order by catalogue0_.p_id
2009-06-23 22:03:12,671 DEBUG [main] action.ExcelAction (ExcelAction.java:232) - Loading Excel workbook from class path resource [common/component/cms/template/栏目列表.xls]
2009-06-23 22:03:12,687 ERROR [main] action.ExcelAction (ExcelAction.java:60) - java.io.FileNotFoundException: class path resource [common/component/cms/template/栏目列表.xls] cannot be opened because it does not exist
2009-06-23 22:03:12,703 DEBUG [main] action.ExcelAction (ExcelAction.java:232) - Loading Excel workbook from class path resource [common/component/cms/template/新闻.xls]
2009-06-23 22:03:12,937 DEBUG [main] action.ExcelAction (ExcelAction.java:232) - Loading Excel workbook from class path resource [common/component/cms/template/出货单.xls]
2009-06-23 22:03:12,937 ERROR [main] action.ExcelAction (ExcelAction.java:60) - java.io.FileNotFoundException: class path resource [common/component/cms/template/出货单.xls] cannot be opened because it does not exist
Hibernate: select attribute0_.p_id as p1_6_, attribute0_.p_name as p2_6_, attribute0_.p_catalogue as p3_6_, attribute0_.p_column as p4_6_, attribute0_.p_type as p5_6_, attribute0_.p_length as p6_6_, attribute0_.p_createTime as p7_6_, attribute0_.p_modifyTime as p8_6_, attribute0_.p_creator as p9_6_, attribute0_.p_modifier as p10_6_, attribute0_.p_remark as p11_6_, attribute0_.p_deleted as p12_6_ from t_attribute attribute0_ where 1=1 and (attribute0_.p_deleted is null) and attribute0_.p_column='test' and attribute0_.p_catalogue='11'
Hibernate: insert into t_attribute (p_name, p_catalogue, p_column, p_type, p_length, p_createTime, p_id) values (?, ?, ?, ?, ?, ?, ?)
Hibernate: select attribute0_.p_id as p1_6_, attribute0_.p_name as p2_6_, attribute0_.p_catalogue as p3_6_, attribute0_.p_column as p4_6_, attribute0_.p_type as p5_6_, attribute0_.p_length as p6_6_, attribute0_.p_createTime as p7_6_, attribute0_.p_modifyTime as p8_6_, attribute0_.p_creator as p9_6_, attribute0_.p_modifier as p10_6_, attribute0_.p_remark as p11_6_, attribute0_.p_deleted as p12_6_ from t_attribute attribute0_ where 1=1 and attribute0_.p_catalogue='11'
2009-06-23 22:03:15,312 INFO  [main] jdbc.EcTableDAOJdbcImpl4MySQL (EcTableDAOJdbcImpl4MySQL.java:89) - JDBC : SELECT count(*) FROM (     SELECT ECTABLE.*   FROM ( select t.p_id,t.p_name,t.p_catalogue,t.p_column,t.p_type,t.p_modifytime,t.p_creator,t.p_createtime from t_attribute t where 1=1 and t.p_deleted is null and t.p_catalogue='11'  ) ECTABLE  WHERE 1=1  ) totalTable 
2009-06-23 22:03:15,406 INFO  [main] jdbc.EcTableDAOJdbcImpl4MySQL (EcTableDAOJdbcImpl4MySQL.java:78) - ECTABLE JDBC :    SELECT ECTABLE.*   FROM ( select t.p_id,t.p_name,t.p_catalogue,t.p_column,t.p_type,t.p_modifytime,t.p_creator,t.p_createtime from t_attribute t where 1=1 and t.p_deleted is null and t.p_catalogue='11'  ) ECTABLE  WHERE 1=1  limit 0,30
-------------
Hibernate: select attribute0_.p_id as p1_6_, attribute0_.p_name as p2_6_, attribute0_.p_catalogue as p3_6_, attribute0_.p_column as p4_6_, attribute0_.p_type as p5_6_, attribute0_.p_length as p6_6_, attribute0_.p_createTime as p7_6_, attribute0_.p_modifyTime as p8_6_, attribute0_.p_creator as p9_6_, attribute0_.p_modifier as p10_6_, attribute0_.p_remark as p11_6_, attribute0_.p_deleted as p12_6_ from t_attribute attribute0_ where 1=1 and attribute0_.p_name='test' and (attribute0_.p_deleted is null or attribute0_.p_deleted='')
Hibernate: select attribute0_.p_id as p1_6_2_, attribute0_.p_name as p2_6_2_, attribute0_.p_catalogue as p3_6_2_, attribute0_.p_column as p4_6_2_, attribute0_.p_type as p5_6_2_, attribute0_.p_length as p6_6_2_, attribute0_.p_createTime as p7_6_2_, attribute0_.p_modifyTime as p8_6_2_, attribute0_.p_creator as p9_6_2_, attribute0_.p_modifier as p10_6_2_, attribute0_.p_remark as p11_6_2_, attribute0_.p_deleted as p12_6_2_, catalogue1_.p_id as p1_4_0_, catalogue1_.p_name as p2_4_0_, catalogue1_.p_parent as p3_4_0_, catalogue1_.p_order as p4_4_0_, catalogue1_.p_tablename as p5_4_0_, catalogue1_.p_version as p6_4_0_, catalogue1_.p_createTime as p7_4_0_, catalogue1_.p_modifyTime as p8_4_0_, catalogue1_.p_creator as p9_4_0_, catalogue1_.p_modifier as p10_4_0_, catalogue1_.p_remark as p11_4_0_, catalogue1_.p_deleted as p12_4_0_, catalogue2_.p_id as p1_4_1_, catalogue2_.p_name as p2_4_1_, catalogue2_.p_parent as p3_4_1_, catalogue2_.p_order as p4_4_1_, catalogue2_.p_tablename as p5_4_1_, catalogue2_.p_version as p6_4_1_, catalogue2_.p_createTime as p7_4_1_, catalogue2_.p_modifyTime as p8_4_1_, catalogue2_.p_creator as p9_4_1_, catalogue2_.p_modifier as p10_4_1_, catalogue2_.p_remark as p11_4_1_, catalogue2_.p_deleted as p12_4_1_ from t_attribute attribute0_ left outer join t_catalogue catalogue1_ on attribute0_.p_catalogue=catalogue1_.p_id left outer join t_catalogue catalogue2_ on catalogue1_.p_parent=catalogue2_.p_id where attribute0_.p_id=?
Hibernate: update t_attribute set p_modifyTime=?, p_deleted=? where p_id=?
Hibernate: select attribute0_.p_id as p1_6_, attribute0_.p_name as p2_6_, attribute0_.p_catalogue as p3_6_, attribute0_.p_column as p4_6_, attribute0_.p_type as p5_6_, attribute0_.p_length as p6_6_, attribute0_.p_createTime as p7_6_, attribute0_.p_modifyTime as p8_6_, attribute0_.p_creator as p9_6_, attribute0_.p_modifier as p10_6_, attribute0_.p_remark as p11_6_, attribute0_.p_deleted as p12_6_ from t_attribute attribute0_ where 1=1 and attribute0_.p_catalogue='11'
Hibernate: select attribute0_.p_id as p1_6_, attribute0_.p_name as p2_6_, attribute0_.p_catalogue as p3_6_, attribute0_.p_column as p4_6_, attribute0_.p_type as p5_6_, attribute0_.p_length as p6_6_, attribute0_.p_createTime as p7_6_, attribute0_.p_modifyTime as p8_6_, attribute0_.p_creator as p9_6_, attribute0_.p_modifier as p10_6_, attribute0_.p_remark as p11_6_, attribute0_.p_deleted as p12_6_ from t_attribute attribute0_ where 1=1 and (attribute0_.p_deleted is null) and attribute0_.p_column='test1' and attribute0_.p_catalogue='11'
Hibernate: insert into t_attribute (p_name, p_catalogue, p_column, p_type, p_length, p_createTime, p_id) values (?, ?, ?, ?, ?, ?, ?)
Hibernate: select attribute0_.p_id as p1_6_, attribute0_.p_name as p2_6_, attribute0_.p_catalogue as p3_6_, attribute0_.p_column as p4_6_, attribute0_.p_type as p5_6_, attribute0_.p_length as p6_6_, attribute0_.p_createTime as p7_6_, attribute0_.p_modifyTime as p8_6_, attribute0_.p_creator as p9_6_, attribute0_.p_modifier as p10_6_, attribute0_.p_remark as p11_6_, attribute0_.p_deleted as p12_6_ from t_attribute attribute0_ where 1=1 and attribute0_.p_name='test1' and (attribute0_.p_deleted is null)
Hibernate: select attribute0_.p_id as p1_6_, attribute0_.p_name as p2_6_, attribute0_.p_catalogue as p3_6_, attribute0_.p_column as p4_6_, attribute0_.p_type as p5_6_, attribute0_.p_length as p6_6_, attribute0_.p_createTime as p7_6_, attribute0_.p_modifyTime as p8_6_, attribute0_.p_creator as p9_6_, attribute0_.p_modifier as p10_6_, attribute0_.p_remark as p11_6_, attribute0_.p_deleted as p12_6_ from t_attribute attribute0_ where 1=1 and attribute0_.p_catalogue='11'
Hibernate: select attribute0_.p_id as p1_6_2_, attribute0_.p_name as p2_6_2_, attribute0_.p_catalogue as p3_6_2_, attribute0_.p_column as p4_6_2_, attribute0_.p_type as p5_6_2_, attribute0_.p_length as p6_6_2_, attribute0_.p_createTime as p7_6_2_, attribute0_.p_modifyTime as p8_6_2_, attribute0_.p_creator as p9_6_2_, attribute0_.p_modifier as p10_6_2_, attribute0_.p_remark as p11_6_2_, attribute0_.p_deleted as p12_6_2_, catalogue1_.p_id as p1_4_0_, catalogue1_.p_name as p2_4_0_, catalogue1_.p_parent as p3_4_0_, catalogue1_.p_order as p4_4_0_, catalogue1_.p_tablename as p5_4_0_, catalogue1_.p_version as p6_4_0_, catalogue1_.p_createTime as p7_4_0_, catalogue1_.p_modifyTime as p8_4_0_, catalogue1_.p_creator as p9_4_0_, catalogue1_.p_modifier as p10_4_0_, catalogue1_.p_remark as p11_4_0_, catalogue1_.p_deleted as p12_4_0_, catalogue2_.p_id as p1_4_1_, catalogue2_.p_name as p2_4_1_, catalogue2_.p_parent as p3_4_1_, catalogue2_.p_order as p4_4_1_, catalogue2_.p_tablename as p5_4_1_, catalogue2_.p_version as p6_4_1_, catalogue2_.p_createTime as p7_4_1_, catalogue2_.p_modifyTime as p8_4_1_, catalogue2_.p_creator as p9_4_1_, catalogue2_.p_modifier as p10_4_1_, catalogue2_.p_remark as p11_4_1_, catalogue2_.p_deleted as p12_4_1_ from t_attribute attribute0_ left outer join t_catalogue catalogue1_ on attribute0_.p_catalogue=catalogue1_.p_id left outer join t_catalogue catalogue2_ on catalogue1_.p_parent=catalogue2_.p_id where attribute0_.p_id=?
Hibernate: update t_attribute set p_modifyTime=?, p_deleted=? where p_id=?
Hibernate: select attribute0_.p_id as p1_6_, attribute0_.p_name as p2_6_, attribute0_.p_catalogue as p3_6_, attribute0_.p_column as p4_6_, attribute0_.p_type as p5_6_, attribute0_.p_length as p6_6_, attribute0_.p_createTime as p7_6_, attribute0_.p_modifyTime as p8_6_, attribute0_.p_creator as p9_6_, attribute0_.p_modifier as p10_6_, attribute0_.p_remark as p11_6_, attribute0_.p_deleted as p12_6_ from t_attribute attribute0_ where 1=1 and attribute0_.p_catalogue='11'
2009-06-23 22:03:17,375 INFO  [main] jdbc.EcTableDAOJdbcImpl4MySQL (EcTableDAOJdbcImpl4MySQL.java:89) - JDBC : SELECT count(*) FROM (     SELECT ECTABLE.*   FROM ( select t.p_id,t.p_name,t.p_catalogue,t.p_column,t.p_type,t.p_modifytime,t.p_creator,t.p_createtime from t_attribute t where 1=1 and t.p_deleted is null and t.p_catalogue='11'  ) ECTABLE  WHERE 1=1  ) totalTable 
2009-06-23 22:03:17,375 INFO  [main] jdbc.EcTableDAOJdbcImpl4MySQL (EcTableDAOJdbcImpl4MySQL.java:78) - ECTABLE JDBC :    SELECT ECTABLE.*   FROM ( select t.p_id,t.p_name,t.p_catalogue,t.p_column,t.p_type,t.p_modifytime,t.p_creator,t.p_createtime from t_attribute t where 1=1 and t.p_deleted is null and t.p_catalogue='11'  ) ECTABLE  WHERE 1=1  limit 0,30
-------------
Hibernate: select attribute0_.p_id as p1_6_, attribute0_.p_name as p2_6_, attribute0_.p_catalogue as p3_6_, attribute0_.p_column as p4_6_, attribute0_.p_type as p5_6_, attribute0_.p_length as p6_6_, attribute0_.p_createTime as p7_6_, attribute0_.p_modifyTime as p8_6_, attribute0_.p_creator as p9_6_, attribute0_.p_modifier as p10_6_, attribute0_.p_remark as p11_6_, attribute0_.p_deleted as p12_6_ from t_attribute attribute0_ where 1=1 and attribute0_.p_name='test'
Hibernate: select attribute0_.p_id as p1_6_2_, attribute0_.p_name as p2_6_2_, attribute0_.p_catalogue as p3_6_2_, attribute0_.p_column as p4_6_2_, attribute0_.p_type as p5_6_2_, attribute0_.p_length as p6_6_2_, attribute0_.p_createTime as p7_6_2_, attribute0_.p_modifyTime as p8_6_2_, attribute0_.p_creator as p9_6_2_, attribute0_.p_modifier as p10_6_2_, attribute0_.p_remark as p11_6_2_, attribute0_.p_deleted as p12_6_2_, catalogue1_.p_id as p1_4_0_, catalogue1_.p_name as p2_4_0_, catalogue1_.p_parent as p3_4_0_, catalogue1_.p_order as p4_4_0_, catalogue1_.p_tablename as p5_4_0_, catalogue1_.p_version as p6_4_0_, catalogue1_.p_createTime as p7_4_0_, catalogue1_.p_modifyTime as p8_4_0_, catalogue1_.p_creator as p9_4_0_, catalogue1_.p_modifier as p10_4_0_, catalogue1_.p_remark as p11_4_0_, catalogue1_.p_deleted as p12_4_0_, catalogue2_.p_id as p1_4_1_, catalogue2_.p_name as p2_4_1_, catalogue2_.p_parent as p3_4_1_, catalogue2_.p_order as p4_4_1_, catalogue2_.p_tablename as p5_4_1_, catalogue2_.p_version as p6_4_1_, catalogue2_.p_createTime as p7_4_1_, catalogue2_.p_modifyTime as p8_4_1_, catalogue2_.p_creator as p9_4_1_, catalogue2_.p_modifier as p10_4_1_, catalogue2_.p_remark as p11_4_1_, catalogue2_.p_deleted as p12_4_1_ from t_attribute attribute0_ left outer join t_catalogue catalogue1_ on attribute0_.p_catalogue=catalogue1_.p_id left outer join t_catalogue catalogue2_ on catalogue1_.p_parent=catalogue2_.p_id where attribute0_.p_id=?
Hibernate: select attribute0_.p_id as p1_6_2_, attribute0_.p_name as p2_6_2_, attribute0_.p_catalogue as p3_6_2_, attribute0_.p_column as p4_6_2_, attribute0_.p_type as p5_6_2_, attribute0_.p_length as p6_6_2_, attribute0_.p_createTime as p7_6_2_, attribute0_.p_modifyTime as p8_6_2_, attribute0_.p_creator as p9_6_2_, attribute0_.p_modifier as p10_6_2_, attribute0_.p_remark as p11_6_2_, attribute0_.p_deleted as p12_6_2_, catalogue1_.p_id as p1_4_0_, catalogue1_.p_name as p2_4_0_, catalogue1_.p_parent as p3_4_0_, catalogue1_.p_order as p4_4_0_, catalogue1_.p_tablename as p5_4_0_, catalogue1_.p_version as p6_4_0_, catalogue1_.p_createTime as p7_4_0_, catalogue1_.p_modifyTime as p8_4_0_, catalogue1_.p_creator as p9_4_0_, catalogue1_.p_modifier as p10_4_0_, catalogue1_.p_remark as p11_4_0_, catalogue1_.p_deleted as p12_4_0_, catalogue2_.p_id as p1_4_1_, catalogue2_.p_name as p2_4_1_, catalogue2_.p_parent as p3_4_1_, catalogue2_.p_order as p4_4_1_, catalogue2_.p_tablename as p5_4_1_, catalogue2_.p_version as p6_4_1_, catalogue2_.p_createTime as p7_4_1_, catalogue2_.p_modifyTime as p8_4_1_, catalogue2_.p_creator as p9_4_1_, catalogue2_.p_modifier as p10_4_1_, catalogue2_.p_remark as p11_4_1_, catalogue2_.p_deleted as p12_4_1_ from t_attribute attribute0_ left outer join t_catalogue catalogue1_ on attribute0_.p_catalogue=catalogue1_.p_id left outer join t_catalogue catalogue2_ on catalogue1_.p_parent=catalogue2_.p_id where attribute0_.p_id=?
Hibernate: update t_attribute set p_name=?, p_column=?, p_modifyTime=? where p_id=?
Hibernate: select attribute0_.p_id as p1_6_, attribute0_.p_name as p2_6_, attribute0_.p_catalogue as p3_6_, attribute0_.p_column as p4_6_, attribute0_.p_type as p5_6_, attribute0_.p_length as p6_6_, attribute0_.p_createTime as p7_6_, attribute0_.p_modifyTime as p8_6_, attribute0_.p_creator as p9_6_, attribute0_.p_modifier as p10_6_, attribute0_.p_remark as p11_6_, attribute0_.p_deleted as p12_6_ from t_attribute attribute0_ where 1=1 and attribute0_.p_catalogue='11'
2009-06-23 22:03:18,953 INFO  [main] jdbc.EcTableDAOJdbcImpl4MySQL (EcTableDAOJdbcImpl4MySQL.java:89) - JDBC : SELECT count(*) FROM (     SELECT ECTABLE.*   FROM ( select t.p_id,t.p_name,t.p_catalogue,t.p_column,t.p_type,t.p_modifytime,t.p_creator,t.p_createtime from t_attribute t where 1=1 and t.p_deleted is null and t.p_catalogue='11'  ) ECTABLE  WHERE 1=1  ) totalTable 
2009-06-23 22:03:18,953 INFO  [main] jdbc.EcTableDAOJdbcImpl4MySQL (EcTableDAOJdbcImpl4MySQL.java:78) - ECTABLE JDBC :    SELECT ECTABLE.*   FROM ( select t.p_id,t.p_name,t.p_catalogue,t.p_column,t.p_type,t.p_modifytime,t.p_creator,t.p_createtime from t_attribute t where 1=1 and t.p_deleted is null and t.p_catalogue='11'  ) ECTABLE  WHERE 1=1  limit 0,30
-------------
2009-06-23 22:03:20,062 INFO  [main] jdbc.EcTableDAOJdbcImpl4MySQL (EcTableDAOJdbcImpl4MySQL.java:89) - JDBC : SELECT count(*) FROM (     SELECT ECTABLE.*   FROM ( select t.p_id,t.p_name,t.p_catalogue,t.p_column,t.p_type,t.p_modifytime,t.p_creator,t.p_createtime from t_attribute t where 1=1 and t.p_deleted is null and t.p_catalogue=''  ) ECTABLE  WHERE 1=1  ) totalTable 
2009-06-23 22:03:20,062 INFO  [main] jdbc.EcTableDAOJdbcImpl4MySQL (EcTableDAOJdbcImpl4MySQL.java:78) - ECTABLE JDBC :    SELECT ECTABLE.*   FROM ( select t.p_id,t.p_name,t.p_catalogue,t.p_column,t.p_type,t.p_modifytime,t.p_creator,t.p_createtime from t_attribute t where 1=1 and t.p_deleted is null and t.p_catalogue=''  ) ECTABLE  WHERE 1=1  limit 0,30
-------------
-------------
Hibernate: select attribute0_.p_id as p1_6_, attribute0_.p_name as p2_6_, attribute0_.p_catalogue as p3_6_, attribute0_.p_column as p4_6_, attribute0_.p_type as p5_6_, attribute0_.p_length as p6_6_, attribute0_.p_createTime as p7_6_, attribute0_.p_modifyTime as p8_6_, attribute0_.p_creator as p9_6_, attribute0_.p_modifier as p10_6_, attribute0_.p_remark as p11_6_, attribute0_.p_deleted as p12_6_ from t_attribute attribute0_ where 1=1 and attribute0_.p_name='test'
]]></system-out>

      <system-err><![CDATA[]]></system-err>

  </testsuite>
  <testsuite errors="0" failures="0" hostname="WWW-6746401C5A7" id="1" name="CatalogueActionTest" package="test.common.component.cms.action" tests="7" time="8.734" timestamp="2009-06-23T14:03:21">
      <properties>
[...]
</properties>

      <testcase classname="test.common.component.cms.action.CatalogueActionTest" name="testSave" time="1.687" />

      <testcase classname="test.common.component.cms.action.CatalogueActionTest" name="testDelete" time="1.532" />

      <testcase classname="test.common.component.cms.action.CatalogueActionTest" name="testUpdate" time="1.468" />

      <testcase classname="test.common.component.cms.action.CatalogueActionTest" name="testSearch" time="0.985" />

      <testcase classname="test.common.component.cms.action.CatalogueActionTest" name="testNewOne" time="0.687" />

      <testcase classname="test.common.component.cms.action.CatalogueActionTest" name="testEdit" time="0.688" />

      <testcase classname="test.common.component.cms.action.CatalogueActionTest" name="testCreateTable" time="1.656" />

      <system-out><![CDATA[Hibernate: select catalogue0_.p_id as p1_4_, catalogue0_.p_name as p2_4_, catalogue0_.p_parent as p3_4_, catalogue0_.p_order as p4_4_, catalogue0_.p_tablename as p5_4_, catalogue0_.p_version as p6_4_, catalogue0_.p_createTime as p7_4_, catalogue0_.p_modifyTime as p8_4_, catalogue0_.p_creator as p9_4_, catalogue0_.p_modifier as p10_4_, catalogue0_.p_remark as p11_4_, catalogue0_.p_deleted as p12_4_ from t_catalogue catalogue0_ where 1=1 and (catalogue0_.p_deleted is null) and catalogue0_.p_tablename='cms_test'
Hibernate: insert into t_catalogue (p_name, p_order, p_tablename, p_createTime, p_remark, p_id) values (?, ?, ?, ?, ?, ?)
-------------
Hibernate: select catalogue0_.p_id as p1_4_, catalogue0_.p_name as p2_4_, catalogue0_.p_parent as p3_4_, catalogue0_.p_order as p4_4_, catalogue0_.p_tablename as p5_4_, catalogue0_.p_version as p6_4_, catalogue0_.p_createTime as p7_4_, catalogue0_.p_modifyTime as p8_4_, catalogue0_.p_creator as p9_4_, catalogue0_.p_modifier as p10_4_, catalogue0_.p_remark as p11_4_, catalogue0_.p_deleted as p12_4_ from t_catalogue catalogue0_ where 1=1 and catalogue0_.p_tablename='cms_test' and (catalogue0_.p_deleted is null or catalogue0_.p_deleted='')
Hibernate: select catalogue0_.p_id as p1_4_, catalogue0_.p_name as p2_4_, catalogue0_.p_parent as p3_4_, catalogue0_.p_order as p4_4_, catalogue0_.p_tablename as p5_4_, catalogue0_.p_version as p6_4_, catalogue0_.p_createTime as p7_4_, catalogue0_.p_modifyTime as p8_4_, catalogue0_.p_creator as p9_4_, catalogue0_.p_modifier as p10_4_, catalogue0_.p_remark as p11_4_, catalogue0_.p_deleted as p12_4_ from t_catalogue catalogue0_ where 1=1 and (catalogue0_.p_deleted is null) and catalogue0_.p_tablename='cms_test'
Hibernate: select catalogue0_.p_id as p1_4_, catalogue0_.p_name as p2_4_, catalogue0_.p_parent as p3_4_, catalogue0_.p_order as p4_4_, catalogue0_.p_tablename as p5_4_, catalogue0_.p_version as p6_4_, catalogue0_.p_createTime as p7_4_, catalogue0_.p_modifyTime as p8_4_, catalogue0_.p_creator as p9_4_, catalogue0_.p_modifier as p10_4_, catalogue0_.p_remark as p11_4_, catalogue0_.p_deleted as p12_4_ from t_catalogue catalogue0_ where 1=1 and catalogue0_.p_tablename='cms_test' and (catalogue0_.p_deleted is null)
2009-06-23 22:03:23,859 INFO  [main] jdbc.EcTableDAOJdbcImpl4MySQL (EcTableDAOJdbcImpl4MySQL.java:118) - ECTABLE JDBC :update t_catalogue set p_deleted=1 where p_id in('40288146220d6d4d01220d6d990a0003')
-------------
Hibernate: select catalogue0_.p_id as p1_4_, catalogue0_.p_name as p2_4_, catalogue0_.p_parent as p3_4_, catalogue0_.p_order as p4_4_, catalogue0_.p_tablename as p5_4_, catalogue0_.p_version as p6_4_, catalogue0_.p_createTime as p7_4_, catalogue0_.p_modifyTime as p8_4_, catalogue0_.p_creator as p9_4_, catalogue0_.p_modifier as p10_4_, catalogue0_.p_remark as p11_4_, catalogue0_.p_deleted as p12_4_ from t_catalogue catalogue0_ where 1=1 and catalogue0_.p_tablename='cms_test'
Hibernate: select catalogue0_.p_id as p1_4_1_, catalogue0_.p_name as p2_4_1_, catalogue0_.p_parent as p3_4_1_, catalogue0_.p_order as p4_4_1_, catalogue0_.p_tablename as p5_4_1_, catalogue0_.p_version as p6_4_1_, catalogue0_.p_createTime as p7_4_1_, catalogue0_.p_modifyTime as p8_4_1_, catalogue0_.p_creator as p9_4_1_, catalogue0_.p_modifier as p10_4_1_, catalogue0_.p_remark as p11_4_1_, catalogue0_.p_deleted as p12_4_1_, catalogue1_.p_id as p1_4_0_, catalogue1_.p_name as p2_4_0_, catalogue1_.p_parent as p3_4_0_, catalogue1_.p_order as p4_4_0_, catalogue1_.p_tablename as p5_4_0_, catalogue1_.p_version as p6_4_0_, catalogue1_.p_createTime as p7_4_0_, catalogue1_.p_modifyTime as p8_4_0_, catalogue1_.p_creator as p9_4_0_, catalogue1_.p_modifier as p10_4_0_, catalogue1_.p_remark as p11_4_0_, catalogue1_.p_deleted as p12_4_0_ from t_catalogue catalogue0_ left outer join t_catalogue catalogue1_ on catalogue0_.p_parent=catalogue1_.p_id where catalogue0_.p_id=?
Hibernate: select catalogue0_.p_id as p1_4_1_, catalogue0_.p_name as p2_4_1_, catalogue0_.p_parent as p3_4_1_, catalogue0_.p_order as p4_4_1_, catalogue0_.p_tablename as p5_4_1_, catalogue0_.p_version as p6_4_1_, catalogue0_.p_createTime as p7_4_1_, catalogue0_.p_modifyTime as p8_4_1_, catalogue0_.p_creator as p9_4_1_, catalogue0_.p_modifier as p10_4_1_, catalogue0_.p_remark as p11_4_1_, catalogue0_.p_deleted as p12_4_1_, catalogue1_.p_id as p1_4_0_, catalogue1_.p_name as p2_4_0_, catalogue1_.p_parent as p3_4_0_, catalogue1_.p_order as p4_4_0_, catalogue1_.p_tablename as p5_4_0_, catalogue1_.p_version as p6_4_0_, catalogue1_.p_createTime as p7_4_0_, catalogue1_.p_modifyTime as p8_4_0_, catalogue1_.p_creator as p9_4_0_, catalogue1_.p_modifier as p10_4_0_, catalogue1_.p_remark as p11_4_0_, catalogue1_.p_deleted as p12_4_0_ from t_catalogue catalogue0_ left outer join t_catalogue catalogue1_ on catalogue0_.p_parent=catalogue1_.p_id where catalogue0_.p_id=?
Hibernate: update t_catalogue set p_name=?, p_modifyTime=? where p_id=?
-------------
-------------
-------------
Hibernate: select catalogue0_.p_id as p1_4_, catalogue0_.p_name as p2_4_, catalogue0_.p_parent as p3_4_, catalogue0_.p_order as p4_4_, catalogue0_.p_tablename as p5_4_, catalogue0_.p_version as p6_4_, catalogue0_.p_createTime as p7_4_, catalogue0_.p_modifyTime as p8_4_, catalogue0_.p_creator as p9_4_, catalogue0_.p_modifier as p10_4_, catalogue0_.p_remark as p11_4_, catalogue0_.p_deleted as p12_4_ from t_catalogue catalogue0_ where 1=1 and catalogue0_.p_tablename='cms_test'
Hibernate: select catalogue0_.p_id as p1_4_1_, catalogue0_.p_name as p2_4_1_, catalogue0_.p_parent as p3_4_1_, catalogue0_.p_order as p4_4_1_, catalogue0_.p_tablename as p5_4_1_, catalogue0_.p_version as p6_4_1_, catalogue0_.p_createTime as p7_4_1_, catalogue0_.p_modifyTime as p8_4_1_, catalogue0_.p_creator as p9_4_1_, catalogue0_.p_modifier as p10_4_1_, catalogue0_.p_remark as p11_4_1_, catalogue0_.p_deleted as p12_4_1_, catalogue1_.p_id as p1_4_0_, catalogue1_.p_name as p2_4_0_, catalogue1_.p_parent as p3_4_0_, catalogue1_.p_order as p4_4_0_, catalogue1_.p_tablename as p5_4_0_, catalogue1_.p_version as p6_4_0_, catalogue1_.p_createTime as p7_4_0_, catalogue1_.p_modifyTime as p8_4_0_, catalogue1_.p_creator as p9_4_0_, catalogue1_.p_modifier as p10_4_0_, catalogue1_.p_remark as p11_4_0_, catalogue1_.p_deleted as p12_4_0_ from t_catalogue catalogue0_ left outer join t_catalogue catalogue1_ on catalogue0_.p_parent=catalogue1_.p_id where catalogue0_.p_id=?
-------------
Hibernate: select catalogue0_.p_id as p1_4_, catalogue0_.p_name as p2_4_, catalogue0_.p_parent as p3_4_, catalogue0_.p_order as p4_4_, catalogue0_.p_tablename as p5_4_, catalogue0_.p_version as p6_4_, catalogue0_.p_createTime as p7_4_, catalogue0_.p_modifyTime as p8_4_, catalogue0_.p_creator as p9_4_, catalogue0_.p_modifier as p10_4_, catalogue0_.p_remark as p11_4_, catalogue0_.p_deleted as p12_4_ from t_catalogue catalogue0_ where 1=1 and catalogue0_.p_tablename='cms_test'
Hibernate: select catalogue0_.p_id as p1_4_1_, catalogue0_.p_name as p2_4_1_, catalogue0_.p_parent as p3_4_1_, catalogue0_.p_order as p4_4_1_, catalogue0_.p_tablename as p5_4_1_, catalogue0_.p_version as p6_4_1_, catalogue0_.p_createTime as p7_4_1_, catalogue0_.p_modifyTime as p8_4_1_, catalogue0_.p_creator as p9_4_1_, catalogue0_.p_modifier as p10_4_1_, catalogue0_.p_remark as p11_4_1_, catalogue0_.p_deleted as p12_4_1_, catalogue1_.p_id as p1_4_0_, catalogue1_.p_name as p2_4_0_, catalogue1_.p_parent as p3_4_0_, catalogue1_.p_order as p4_4_0_, catalogue1_.p_tablename as p5_4_0_, catalogue1_.p_version as p6_4_0_, catalogue1_.p_createTime as p7_4_0_, catalogue1_.p_modifyTime as p8_4_0_, catalogue1_.p_creator as p9_4_0_, catalogue1_.p_modifier as p10_4_0_, catalogue1_.p_remark as p11_4_0_, catalogue1_.p_deleted as p12_4_0_ from t_catalogue catalogue0_ left outer join t_catalogue catalogue1_ on catalogue0_.p_parent=catalogue1_.p_id where catalogue0_.p_id=?
Hibernate: select attribute0_.p_id as p1_6_, attribute0_.p_name as p2_6_, attribute0_.p_catalogue as p3_6_, attribute0_.p_column as p4_6_, attribute0_.p_type as p5_6_, attribute0_.p_length as p6_6_, attribute0_.p_createTime as p7_6_, attribute0_.p_modifyTime as p8_6_, attribute0_.p_creator as p9_6_, attribute0_.p_modifier as p10_6_, attribute0_.p_remark as p11_6_, attribute0_.p_deleted as p12_6_ from t_attribute attribute0_ where 1=1 and attribute0_.p_catalogue='40288146220d6d4d01220d6d990a0003'
2009-06-23 22:03:29,140 INFO  [main] jdbc.EcTableDAOJdbcImpl4MySQL (EcTableDAOJdbcImpl4MySQL.java:118) - ECTABLE JDBC :create table cms_test (p_id varchar(255), p_deleted bit, p_createTime datetime, p_modifyTime datetime, p_creator varchar(255), p_modifier varchar(255), p_remark varchar(255))
2009-06-23 22:03:29,375 ERROR [main] action.CatalogueAction (CatalogueAction.java:90) - org.springframework.jdbc.BadSqlGrammarException: StatementCallback; bad SQL grammar [create table cms_test (p_id varchar(255), p_deleted bit, p_createTime datetime, p_modifyTime datetime, p_creator varchar(255), p_modifier varchar(255), p_remark varchar(255))]; nested exception is com.mysql.jdbc.exceptions.jdbc4.MySQLSyntaxErrorException: Table 'cms_test' already exists
-------------
]]></system-out>

      <system-err><![CDATA[]]></system-err>

  </testsuite>
  <testsuite errors="0" failures="0" hostname="WWW-6746401C5A7" id="2" name="ContentActionTest" package="test.common.component.cms.action" tests="6" time="7.516" timestamp="2009-06-23T14:03:30">
      <properties>
[...]
</properties>

      <testcase classname="test.common.component.cms.action.ContentActionTest" name="testSave" time="1.781" />

      <testcase classname="test.common.component.cms.action.ContentActionTest" name="testDelete" time="1.703" />

      <testcase classname="test.common.component.cms.action.ContentActionTest" name="testUpdate" time="1.703" />

      <testcase classname="test.common.component.cms.action.ContentActionTest" name="testSearch" time="1.36" />

      <testcase classname="test.common.component.cms.action.ContentActionTest" name="testNewOne" time="0.656" />

      <testcase classname="test.common.component.cms.action.ContentActionTest" name="testEdit" time="0.297" />

      <system-out><![CDATA[Hibernate: select catalogue0_.p_id as p1_4_1_, catalogue0_.p_name as p2_4_1_, catalogue0_.p_parent as p3_4_1_, catalogue0_.p_order as p4_4_1_, catalogue0_.p_tablename as p5_4_1_, catalogue0_.p_version as p6_4_1_, catalogue0_.p_createTime as p7_4_1_, catalogue0_.p_modifyTime as p8_4_1_, catalogue0_.p_creator as p9_4_1_, catalogue0_.p_modifier as p10_4_1_, catalogue0_.p_remark as p11_4_1_, catalogue0_.p_deleted as p12_4_1_, catalogue1_.p_id as p1_4_0_, catalogue1_.p_name as p2_4_0_, catalogue1_.p_parent as p3_4_0_, catalogue1_.p_order as p4_4_0_, catalogue1_.p_tablename as p5_4_0_, catalogue1_.p_version as p6_4_0_, catalogue1_.p_createTime as p7_4_0_, catalogue1_.p_modifyTime as p8_4_0_, catalogue1_.p_creator as p9_4_0_, catalogue1_.p_modifier as p10_4_0_, catalogue1_.p_remark as p11_4_0_, catalogue1_.p_deleted as p12_4_0_ from t_catalogue catalogue0_ left outer join t_catalogue catalogue1_ on catalogue0_.p_parent=catalogue1_.p_id where catalogue0_.p_id=?
2009-06-23 22:03:31,421 INFO  [main] jdbc.EcTableDAOJdbcImpl4MySQL (EcTableDAOJdbcImpl4MySQL.java:118) - ECTABLE JDBC :insert into cms_news (p_createtime, p_title, p_id) values ('2009-06-23 22:03:31', 'test', '40288146220d6d4d01220d6dbcdd0005')
Hibernate: select catalogue0_.p_id as p1_4_1_, catalogue0_.p_name as p2_4_1_, catalogue0_.p_parent as p3_4_1_, catalogue0_.p_order as p4_4_1_, catalogue0_.p_tablename as p5_4_1_, catalogue0_.p_version as p6_4_1_, catalogue0_.p_createTime as p7_4_1_, catalogue0_.p_modifyTime as p8_4_1_, catalogue0_.p_creator as p9_4_1_, catalogue0_.p_modifier as p10_4_1_, catalogue0_.p_remark as p11_4_1_, catalogue0_.p_deleted as p12_4_1_, catalogue1_.p_id as p1_4_0_, catalogue1_.p_name as p2_4_0_, catalogue1_.p_parent as p3_4_0_, catalogue1_.p_order as p4_4_0_, catalogue1_.p_tablename as p5_4_0_, catalogue1_.p_version as p6_4_0_, catalogue1_.p_createTime as p7_4_0_, catalogue1_.p_modifyTime as p8_4_0_, catalogue1_.p_creator as p9_4_0_, catalogue1_.p_modifier as p10_4_0_, catalogue1_.p_remark as p11_4_0_, catalogue1_.p_deleted as p12_4_0_ from t_catalogue catalogue0_ left outer join t_catalogue catalogue1_ on catalogue0_.p_parent=catalogue1_.p_id where catalogue0_.p_id=?
Hibernate: select catalogue0_.p_id as p1_4_1_, catalogue0_.p_name as p2_4_1_, catalogue0_.p_parent as p3_4_1_, catalogue0_.p_order as p4_4_1_, catalogue0_.p_tablename as p5_4_1_, catalogue0_.p_version as p6_4_1_, catalogue0_.p_createTime as p7_4_1_, catalogue0_.p_modifyTime as p8_4_1_, catalogue0_.p_creator as p9_4_1_, catalogue0_.p_modifier as p10_4_1_, catalogue0_.p_remark as p11_4_1_, catalogue0_.p_deleted as p12_4_1_, catalogue1_.p_id as p1_4_0_, catalogue1_.p_name as p2_4_0_, catalogue1_.p_parent as p3_4_0_, catalogue1_.p_order as p4_4_0_, catalogue1_.p_tablename as p5_4_0_, catalogue1_.p_version as p6_4_0_, catalogue1_.p_createTime as p7_4_0_, catalogue1_.p_modifyTime as p8_4_0_, catalogue1_.p_creator as p9_4_0_, catalogue1_.p_modifier as p10_4_0_, catalogue1_.p_remark as p11_4_0_, catalogue1_.p_deleted as p12_4_0_ from t_catalogue catalogue0_ left outer join t_catalogue catalogue1_ on catalogue0_.p_parent=catalogue1_.p_id where catalogue0_.p_id=?
2009-06-23 22:03:31,906 INFO  [main] jdbc.EcTableDAOJdbcImpl4MySQL (EcTableDAOJdbcImpl4MySQL.java:89) - JDBC : SELECT count(*) FROM (     SELECT ECTABLE.*   FROM ( select * from cms_news where p_deleted is null ) ECTABLE  WHERE 1=1  ) totalTable 
2009-06-23 22:03:31,921 INFO  [main] jdbc.EcTableDAOJdbcImpl4MySQL (EcTableDAOJdbcImpl4MySQL.java:78) - ECTABLE JDBC :    SELECT ECTABLE.*   FROM ( select * from cms_news where p_deleted is null ) ECTABLE  WHERE 1=1  limit 0,30
-------------
Hibernate: select catalogue0_.p_id as p1_4_1_, catalogue0_.p_name as p2_4_1_, catalogue0_.p_parent as p3_4_1_, catalogue0_.p_order as p4_4_1_, catalogue0_.p_tablename as p5_4_1_, catalogue0_.p_version as p6_4_1_, catalogue0_.p_createTime as p7_4_1_, catalogue0_.p_modifyTime as p8_4_1_, catalogue0_.p_creator as p9_4_1_, catalogue0_.p_modifier as p10_4_1_, catalogue0_.p_remark as p11_4_1_, catalogue0_.p_deleted as p12_4_1_, catalogue1_.p_id as p1_4_0_, catalogue1_.p_name as p2_4_0_, catalogue1_.p_parent as p3_4_0_, catalogue1_.p_order as p4_4_0_, catalogue1_.p_tablename as p5_4_0_, catalogue1_.p_version as p6_4_0_, catalogue1_.p_createTime as p7_4_0_, catalogue1_.p_modifyTime as p8_4_0_, catalogue1_.p_creator as p9_4_0_, catalogue1_.p_modifier as p10_4_0_, catalogue1_.p_remark as p11_4_0_, catalogue1_.p_deleted as p12_4_0_ from t_catalogue catalogue0_ left outer join t_catalogue catalogue1_ on catalogue0_.p_parent=catalogue1_.p_id where catalogue0_.p_id=?
2009-06-23 22:03:31,937 INFO  [main] jdbc.EcTableDAOJdbcImpl4MySQL (EcTableDAOJdbcImpl4MySQL.java:118) - ECTABLE JDBC :update cms_news set p_deleted=1 where  p_id= '40288146220d6d4d01220d6db9240004'
Hibernate: select catalogue0_.p_id as p1_4_1_, catalogue0_.p_name as p2_4_1_, catalogue0_.p_parent as p3_4_1_, catalogue0_.p_order as p4_4_1_, catalogue0_.p_tablename as p5_4_1_, catalogue0_.p_version as p6_4_1_, catalogue0_.p_createTime as p7_4_1_, catalogue0_.p_modifyTime as p8_4_1_, catalogue0_.p_creator as p9_4_1_, catalogue0_.p_modifier as p10_4_1_, catalogue0_.p_remark as p11_4_1_, catalogue0_.p_deleted as p12_4_1_, catalogue1_.p_id as p1_4_0_, catalogue1_.p_name as p2_4_0_, catalogue1_.p_parent as p3_4_0_, catalogue1_.p_order as p4_4_0_, catalogue1_.p_tablename as p5_4_0_, catalogue1_.p_version as p6_4_0_, catalogue1_.p_createTime as p7_4_0_, catalogue1_.p_modifyTime as p8_4_0_, catalogue1_.p_creator as p9_4_0_, catalogue1_.p_modifier as p10_4_0_, catalogue1_.p_remark as p11_4_0_, catalogue1_.p_deleted as p12_4_0_ from t_catalogue catalogue0_ left outer join t_catalogue catalogue1_ on catalogue0_.p_parent=catalogue1_.p_id where catalogue0_.p_id=?
2009-06-23 22:03:32,375 INFO  [main] jdbc.EcTableDAOJdbcImpl4MySQL (EcTableDAOJdbcImpl4MySQL.java:118) - ECTABLE JDBC :insert into cms_news (p_createtime, p_title, p_id) values ('2009-06-23 22:03:32', 'test1', '40288146220d6d4d01220d6dc0970007')
Hibernate: select catalogue0_.p_id as p1_4_1_, catalogue0_.p_name as p2_4_1_, catalogue0_.p_parent as p3_4_1_, catalogue0_.p_order as p4_4_1_, catalogue0_.p_tablename as p5_4_1_, catalogue0_.p_version as p6_4_1_, catalogue0_.p_createTime as p7_4_1_, catalogue0_.p_modifyTime as p8_4_1_, catalogue0_.p_creator as p9_4_1_, catalogue0_.p_modifier as p10_4_1_, catalogue0_.p_remark as p11_4_1_, catalogue0_.p_deleted as p12_4_1_, catalogue1_.p_id as p1_4_0_, catalogue1_.p_name as p2_4_0_, catalogue1_.p_parent as p3_4_0_, catalogue1_.p_order as p4_4_0_, catalogue1_.p_tablename as p5_4_0_, catalogue1_.p_version as p6_4_0_, catalogue1_.p_createTime as p7_4_0_, catalogue1_.p_modifyTime as p8_4_0_, catalogue1_.p_creator as p9_4_0_, catalogue1_.p_modifier as p10_4_0_, catalogue1_.p_remark as p11_4_0_, catalogue1_.p_deleted as p12_4_0_ from t_catalogue catalogue0_ left outer join t_catalogue catalogue1_ on catalogue0_.p_parent=catalogue1_.p_id where catalogue0_.p_id=?
2009-06-23 22:03:32,468 INFO  [main] jdbc.EcTableDAOJdbcImpl4MySQL (EcTableDAOJdbcImpl4MySQL.java:112) - ECTABLE JDBC :select  p_id,p_title  from cms_news alias where  p_title='test1' and p_deleted is null 
Hibernate: select catalogue0_.p_id as p1_4_1_, catalogue0_.p_name as p2_4_1_, catalogue0_.p_parent as p3_4_1_, catalogue0_.p_order as p4_4_1_, catalogue0_.p_tablename as p5_4_1_, catalogue0_.p_version as p6_4_1_, catalogue0_.p_createTime as p7_4_1_, catalogue0_.p_modifyTime as p8_4_1_, catalogue0_.p_creator as p9_4_1_, catalogue0_.p_modifier as p10_4_1_, catalogue0_.p_remark as p11_4_1_, catalogue0_.p_deleted as p12_4_1_, catalogue1_.p_id as p1_4_0_, catalogue1_.p_name as p2_4_0_, catalogue1_.p_parent as p3_4_0_, catalogue1_.p_order as p4_4_0_, catalogue1_.p_tablename as p5_4_0_, catalogue1_.p_version as p6_4_0_, catalogue1_.p_createTime as p7_4_0_, catalogue1_.p_modifyTime as p8_4_0_, catalogue1_.p_creator as p9_4_0_, catalogue1_.p_modifier as p10_4_0_, catalogue1_.p_remark as p11_4_0_, catalogue1_.p_deleted as p12_4_0_ from t_catalogue catalogue0_ left outer join t_catalogue catalogue1_ on catalogue0_.p_parent=catalogue1_.p_id where catalogue0_.p_id=?
2009-06-23 22:03:32,828 INFO  [main] jdbc.EcTableDAOJdbcImpl4MySQL (EcTableDAOJdbcImpl4MySQL.java:118) - ECTABLE JDBC :update cms_news set p_deleted=1 where  p_id= '40288146220d6d4d01220d6dc0970007'
Hibernate: select catalogue0_.p_id as p1_4_1_, catalogue0_.p_name as p2_4_1_, catalogue0_.p_parent as p3_4_1_, catalogue0_.p_order as p4_4_1_, catalogue0_.p_tablename as p5_4_1_, catalogue0_.p_version as p6_4_1_, catalogue0_.p_createTime as p7_4_1_, catalogue0_.p_modifyTime as p8_4_1_, catalogue0_.p_creator as p9_4_1_, catalogue0_.p_modifier as p10_4_1_, catalogue0_.p_remark as p11_4_1_, catalogue0_.p_deleted as p12_4_1_, catalogue1_.p_id as p1_4_0_, catalogue1_.p_name as p2_4_0_, catalogue1_.p_parent as p3_4_0_, catalogue1_.p_order as p4_4_0_, catalogue1_.p_tablename as p5_4_0_, catalogue1_.p_version as p6_4_0_, catalogue1_.p_createTime as p7_4_0_, catalogue1_.p_modifyTime as p8_4_0_, catalogue1_.p_creator as p9_4_0_, catalogue1_.p_modifier as p10_4_0_, catalogue1_.p_remark as p11_4_0_, catalogue1_.p_deleted as p12_4_0_ from t_catalogue catalogue0_ left outer join t_catalogue catalogue1_ on catalogue0_.p_parent=catalogue1_.p_id where catalogue0_.p_id=?
2009-06-23 22:03:33,625 INFO  [main] jdbc.EcTableDAOJdbcImpl4MySQL (EcTableDAOJdbcImpl4MySQL.java:89) - JDBC : SELECT count(*) FROM (     SELECT ECTABLE.*   FROM ( select * from cms_news where p_deleted is null ) ECTABLE  WHERE 1=1  ) totalTable 
2009-06-23 22:03:33,640 INFO  [main] jdbc.EcTableDAOJdbcImpl4MySQL (EcTableDAOJdbcImpl4MySQL.java:78) - ECTABLE JDBC :    SELECT ECTABLE.*   FROM ( select * from cms_news where p_deleted is null ) ECTABLE  WHERE 1=1  limit 0,30
-------------
Hibernate: select catalogue0_.p_id as p1_4_1_, catalogue0_.p_name as p2_4_1_, catalogue0_.p_parent as p3_4_1_, catalogue0_.p_order as p4_4_1_, catalogue0_.p_tablename as p5_4_1_, catalogue0_.p_version as p6_4_1_, catalogue0_.p_createTime as p7_4_1_, catalogue0_.p_modifyTime as p8_4_1_, catalogue0_.p_creator as p9_4_1_, catalogue0_.p_modifier as p10_4_1_, catalogue0_.p_remark as p11_4_1_, catalogue0_.p_deleted as p12_4_1_, catalogue1_.p_id as p1_4_0_, catalogue1_.p_name as p2_4_0_, catalogue1_.p_parent as p3_4_0_, catalogue1_.p_order as p4_4_0_, catalogue1_.p_tablename as p5_4_0_, catalogue1_.p_version as p6_4_0_, catalogue1_.p_createTime as p7_4_0_, catalogue1_.p_modifyTime as p8_4_0_, catalogue1_.p_creator as p9_4_0_, catalogue1_.p_modifier as p10_4_0_, catalogue1_.p_remark as p11_4_0_, catalogue1_.p_deleted as p12_4_0_ from t_catalogue catalogue0_ left outer join t_catalogue catalogue1_ on catalogue0_.p_parent=catalogue1_.p_id where catalogue0_.p_id=?
2009-06-23 22:03:33,984 INFO  [main] jdbc.EcTableDAOJdbcImpl4MySQL (EcTableDAOJdbcImpl4MySQL.java:112) - ECTABLE JDBC :select  p_id,p_title  from cms_news alias where  p_title='test' 
Hibernate: select catalogue0_.p_id as p1_4_1_, catalogue0_.p_name as p2_4_1_, catalogue0_.p_parent as p3_4_1_, catalogue0_.p_order as p4_4_1_, catalogue0_.p_tablename as p5_4_1_, catalogue0_.p_version as p6_4_1_, catalogue0_.p_createTime as p7_4_1_, catalogue0_.p_modifyTime as p8_4_1_, catalogue0_.p_creator as p9_4_1_, catalogue0_.p_modifier as p10_4_1_, catalogue0_.p_remark as p11_4_1_, catalogue0_.p_deleted as p12_4_1_, catalogue1_.p_id as p1_4_0_, catalogue1_.p_name as p2_4_0_, catalogue1_.p_parent as p3_4_0_, catalogue1_.p_order as p4_4_0_, catalogue1_.p_tablename as p5_4_0_, catalogue1_.p_version as p6_4_0_, catalogue1_.p_createTime as p7_4_0_, catalogue1_.p_modifyTime as p8_4_0_, catalogue1_.p_creator as p9_4_0_, catalogue1_.p_modifier as p10_4_0_, catalogue1_.p_remark as p11_4_0_, catalogue1_.p_deleted as p12_4_0_ from t_catalogue catalogue0_ left outer join t_catalogue catalogue1_ on catalogue0_.p_parent=catalogue1_.p_id where catalogue0_.p_id=?
2009-06-23 22:03:33,984 INFO  [main] jdbc.EcTableDAOJdbcImpl4MySQL (EcTableDAOJdbcImpl4MySQL.java:112) - ECTABLE JDBC :select  *  from cms_news alias where  p_id ='40288146220d6d4d01220d6dbcdd0005'
Hibernate: select catalogue0_.p_id as p1_4_1_, catalogue0_.p_name as p2_4_1_, catalogue0_.p_parent as p3_4_1_, catalogue0_.p_order as p4_4_1_, catalogue0_.p_tablename as p5_4_1_, catalogue0_.p_version as p6_4_1_, catalogue0_.p_createTime as p7_4_1_, catalogue0_.p_modifyTime as p8_4_1_, catalogue0_.p_creator as p9_4_1_, catalogue0_.p_modifier as p10_4_1_, catalogue0_.p_remark as p11_4_1_, catalogue0_.p_deleted as p12_4_1_, catalogue1_.p_id as p1_4_0_, catalogue1_.p_name as p2_4_0_, catalogue1_.p_parent as p3_4_0_, catalogue1_.p_order as p4_4_0_, catalogue1_.p_tablename as p5_4_0_, catalogue1_.p_version as p6_4_0_, catalogue1_.p_createTime as p7_4_0_, catalogue1_.p_modifyTime as p8_4_0_, catalogue1_.p_creator as p9_4_0_, catalogue1_.p_modifier as p10_4_0_, catalogue1_.p_remark as p11_4_0_, catalogue1_.p_deleted as p12_4_0_ from t_catalogue catalogue0_ left outer join t_catalogue catalogue1_ on catalogue0_.p_parent=catalogue1_.p_id where catalogue0_.p_id=?
2009-06-23 22:03:34,531 INFO  [main] jdbc.EcTableDAOJdbcImpl4MySQL (EcTableDAOJdbcImpl4MySQL.java:118) - ECTABLE JDBC :update cms_news set p_title='test0', p_modifytime='2009-06-23 22:03:34' where  p_id= '40288146220d6d4d01220d6dbcdd0005'
Hibernate: select catalogue0_.p_id as p1_4_1_, catalogue0_.p_name as p2_4_1_, catalogue0_.p_parent as p3_4_1_, catalogue0_.p_order as p4_4_1_, catalogue0_.p_tablename as p5_4_1_, catalogue0_.p_version as p6_4_1_, catalogue0_.p_createTime as p7_4_1_, catalogue0_.p_modifyTime as p8_4_1_, catalogue0_.p_creator as p9_4_1_, catalogue0_.p_modifier as p10_4_1_, catalogue0_.p_remark as p11_4_1_, catalogue0_.p_deleted as p12_4_1_, catalogue1_.p_id as p1_4_0_, catalogue1_.p_name as p2_4_0_, catalogue1_.p_parent as p3_4_0_, catalogue1_.p_order as p4_4_0_, catalogue1_.p_tablename as p5_4_0_, catalogue1_.p_version as p6_4_0_, catalogue1_.p_createTime as p7_4_0_, catalogue1_.p_modifyTime as p8_4_0_, catalogue1_.p_creator as p9_4_0_, catalogue1_.p_modifier as p10_4_0_, catalogue1_.p_remark as p11_4_0_, catalogue1_.p_deleted as p12_4_0_ from t_catalogue catalogue0_ left outer join t_catalogue catalogue1_ on catalogue0_.p_parent=catalogue1_.p_id where catalogue0_.p_id=?
2009-06-23 22:03:35,328 INFO  [main] jdbc.EcTableDAOJdbcImpl4MySQL (EcTableDAOJdbcImpl4MySQL.java:89) - JDBC : SELECT count(*) FROM (     SELECT ECTABLE.*   FROM ( select * from cms_news where p_deleted is null ) ECTABLE  WHERE 1=1  ) totalTable 
2009-06-23 22:03:35,328 INFO  [main] jdbc.EcTableDAOJdbcImpl4MySQL (EcTableDAOJdbcImpl4MySQL.java:78) - ECTABLE JDBC :    SELECT ECTABLE.*   FROM ( select * from cms_news where p_deleted is null ) ECTABLE  WHERE 1=1  limit 0,30
-------------
Hibernate: select catalogue0_.p_id as p1_4_1_, catalogue0_.p_name as p2_4_1_, catalogue0_.p_parent as p3_4_1_, catalogue0_.p_order as p4_4_1_, catalogue0_.p_tablename as p5_4_1_, catalogue0_.p_version as p6_4_1_, catalogue0_.p_createTime as p7_4_1_, catalogue0_.p_modifyTime as p8_4_1_, catalogue0_.p_creator as p9_4_1_, catalogue0_.p_modifier as p10_4_1_, catalogue0_.p_remark as p11_4_1_, catalogue0_.p_deleted as p12_4_1_, catalogue1_.p_id as p1_4_0_, catalogue1_.p_name as p2_4_0_, catalogue1_.p_parent as p3_4_0_, catalogue1_.p_order as p4_4_0_, catalogue1_.p_tablename as p5_4_0_, catalogue1_.p_version as p6_4_0_, catalogue1_.p_createTime as p7_4_0_, catalogue1_.p_modifyTime as p8_4_0_, catalogue1_.p_creator as p9_4_0_, catalogue1_.p_modifier as p10_4_0_, catalogue1_.p_remark as p11_4_0_, catalogue1_.p_deleted as p12_4_0_ from t_catalogue catalogue0_ left outer join t_catalogue catalogue1_ on catalogue0_.p_parent=catalogue1_.p_id where catalogue0_.p_id=?
2009-06-23 22:03:36,671 INFO  [main] jdbc.EcTableDAOJdbcImpl4MySQL (EcTableDAOJdbcImpl4MySQL.java:89) - JDBC : SELECT count(*) FROM (     SELECT ECTABLE.*   FROM ( select * from cms_news where p_deleted is null ) ECTABLE  WHERE 1=1  ) totalTable 
2009-06-23 22:03:36,687 INFO  [main] jdbc.EcTableDAOJdbcImpl4MySQL (EcTableDAOJdbcImpl4MySQL.java:78) - ECTABLE JDBC :    SELECT ECTABLE.*   FROM ( select * from cms_news where p_deleted is null ) ECTABLE  WHERE 1=1  limit 0,30
-------------
-------------
-------------
]]></system-out>

      <system-err><![CDATA[]]></system-err>

  </testsuite>
  <testsuite errors="0" failures="2" hostname="WWW-6746401C5A7" id="3" name="ExcelActionTest" package="test.common.component.cms.action" tests="6" time="5.719" timestamp="2009-06-23T14:03:37">
      <properties>
[...]
</properties>

      <testcase classname="test.common.component.cms.action.ExcelActionTest" name="testSave" time="1.343" />

      <testcase classname="test.common.component.cms.action.ExcelActionTest" name="testDelete" time="0.641">
          <failure message=" no exist record to deleted " type="junit.framework.AssertionFailedError">junit.framework.AssertionFailedError:  no exist record to deleted 
	at test.common.component.cms.action.ExcelActionTest.testDelete(ExcelActionTest.java:125)
	at org.eclipse.ant.internal.ui.antsupport.EclipseDefaultExecutor.executeTargets(EclipseDefaultExecutor.java:32)
	at org.eclipse.ant.internal.ui.antsupport.InternalAntRunner.run(InternalAntRunner.java:423)
	at org.eclipse.ant.internal.ui.antsupport.InternalAntRunner.main(InternalAntRunner.java:137)
</failure>

      </testcase>

      <testcase classname="test.common.component.cms.action.ExcelActionTest" name="testUpdate" time="0.297">
          <failure message=" no exist record to update " type="junit.framework.AssertionFailedError">junit.framework.AssertionFailedError:  no exist record to update 
	at test.common.component.cms.action.ExcelActionTest.testUpdate(ExcelActionTest.java:152)
	at org.eclipse.ant.internal.ui.antsupport.EclipseDefaultExecutor.executeTargets(EclipseDefaultExecutor.java:32)
	at org.eclipse.ant.internal.ui.antsupport.InternalAntRunner.run(InternalAntRunner.java:423)
	at org.eclipse.ant.internal.ui.antsupport.InternalAntRunner.main(InternalAntRunner.java:137)
</failure>

      </testcase>

      <testcase classname="test.common.component.cms.action.ExcelActionTest" name="testSearch" time="1.078" />

      <testcase classname="test.common.component.cms.action.ExcelActionTest" name="testNewOne" time="2.031" />

      <testcase classname="test.common.component.cms.action.ExcelActionTest" name="testEdit" time="0.313" />

      <system-out><![CDATA[2009-06-23 22:03:38,453 ERROR [main] action.ExcelAction (ExcelAction.java:147) - java.lang.NullPointerException
Hibernate: select catalogue0_.p_id as p1_4_1_, catalogue0_.p_name as p2_4_1_, catalogue0_.p_parent as p3_4_1_, catalogue0_.p_order as p4_4_1_, catalogue0_.p_tablename as p5_4_1_, catalogue0_.p_version as p6_4_1_, catalogue0_.p_createTime as p7_4_1_, catalogue0_.p_modifyTime as p8_4_1_, catalogue0_.p_creator as p9_4_1_, catalogue0_.p_modifier as p10_4_1_, catalogue0_.p_remark as p11_4_1_, catalogue0_.p_deleted as p12_4_1_, catalogue1_.p_id as p1_4_0_, catalogue1_.p_name as p2_4_0_, catalogue1_.p_parent as p3_4_0_, catalogue1_.p_order as p4_4_0_, catalogue1_.p_tablename as p5_4_0_, catalogue1_.p_version as p6_4_0_, catalogue1_.p_createTime as p7_4_0_, catalogue1_.p_modifyTime as p8_4_0_, catalogue1_.p_creator as p9_4_0_, catalogue1_.p_modifier as p10_4_0_, catalogue1_.p_remark as p11_4_0_, catalogue1_.p_deleted as p12_4_0_ from t_catalogue catalogue0_ left outer join t_catalogue catalogue1_ on catalogue0_.p_parent=catalogue1_.p_id where catalogue0_.p_id=?
2009-06-23 22:03:39,015 INFO  [main] jdbc.EcTableDAOJdbcImpl4MySQL (EcTableDAOJdbcImpl4MySQL.java:89) - JDBC : SELECT count(*) FROM (     SELECT ECTABLE.*   FROM ( select * from cms_news where p_deleted is null ) ECTABLE  WHERE 1=1  ) totalTable 
2009-06-23 22:03:39,015 INFO  [main] jdbc.EcTableDAOJdbcImpl4MySQL (EcTableDAOJdbcImpl4MySQL.java:78) - ECTABLE JDBC :    SELECT ECTABLE.*   FROM ( select * from cms_news where p_deleted is null ) ECTABLE  WHERE 1=1  limit 0,30
-------------
Hibernate: select catalogue0_.p_id as p1_4_1_, catalogue0_.p_name as p2_4_1_, catalogue0_.p_parent as p3_4_1_, catalogue0_.p_order as p4_4_1_, catalogue0_.p_tablename as p5_4_1_, catalogue0_.p_version as p6_4_1_, catalogue0_.p_createTime as p7_4_1_, catalogue0_.p_modifyTime as p8_4_1_, catalogue0_.p_creator as p9_4_1_, catalogue0_.p_modifier as p10_4_1_, catalogue0_.p_remark as p11_4_1_, catalogue0_.p_deleted as p12_4_1_, catalogue1_.p_id as p1_4_0_, catalogue1_.p_name as p2_4_0_, catalogue1_.p_parent as p3_4_0_, catalogue1_.p_order as p4_4_0_, catalogue1_.p_tablename as p5_4_0_, catalogue1_.p_version as p6_4_0_, catalogue1_.p_createTime as p7_4_0_, catalogue1_.p_modifyTime as p8_4_0_, catalogue1_.p_creator as p9_4_0_, catalogue1_.p_modifier as p10_4_0_, catalogue1_.p_remark as p11_4_0_, catalogue1_.p_deleted as p12_4_0_ from t_catalogue catalogue0_ left outer join t_catalogue catalogue1_ on catalogue0_.p_parent=catalogue1_.p_id where catalogue0_.p_id=?
2009-06-23 22:03:39,046 INFO  [main] jdbc.EcTableDAOJdbcImpl4MySQL (EcTableDAOJdbcImpl4MySQL.java:118) - ECTABLE JDBC :update cms_news set p_deleted=1 where  p_id= '40288146220d6d4d01220d6dd6af0008'
2009-06-23 22:03:39,343 ERROR [main] action.ExcelAction (ExcelAction.java:147) - java.lang.NullPointerException
Hibernate: select catalogue0_.p_id as p1_4_1_, catalogue0_.p_name as p2_4_1_, catalogue0_.p_parent as p3_4_1_, catalogue0_.p_order as p4_4_1_, catalogue0_.p_tablename as p5_4_1_, catalogue0_.p_version as p6_4_1_, catalogue0_.p_createTime as p7_4_1_, catalogue0_.p_modifyTime as p8_4_1_, catalogue0_.p_creator as p9_4_1_, catalogue0_.p_modifier as p10_4_1_, catalogue0_.p_remark as p11_4_1_, catalogue0_.p_deleted as p12_4_1_, catalogue1_.p_id as p1_4_0_, catalogue1_.p_name as p2_4_0_, catalogue1_.p_parent as p3_4_0_, catalogue1_.p_order as p4_4_0_, catalogue1_.p_tablename as p5_4_0_, catalogue1_.p_version as p6_4_0_, catalogue1_.p_createTime as p7_4_0_, catalogue1_.p_modifyTime as p8_4_0_, catalogue1_.p_creator as p9_4_0_, catalogue1_.p_modifier as p10_4_0_, catalogue1_.p_remark as p11_4_0_, catalogue1_.p_deleted as p12_4_0_ from t_catalogue catalogue0_ left outer join t_catalogue catalogue1_ on catalogue0_.p_parent=catalogue1_.p_id where catalogue0_.p_id=?
2009-06-23 22:03:39,390 INFO  [main] jdbc.EcTableDAOJdbcImpl4MySQL (EcTableDAOJdbcImpl4MySQL.java:112) - ECTABLE JDBC :select  p_id,p_title  from cms_news alias where  p_title='test1' and p_deleted is null 
Hibernate: select catalogue0_.p_id as p1_4_1_, catalogue0_.p_name as p2_4_1_, catalogue0_.p_parent as p3_4_1_, catalogue0_.p_order as p4_4_1_, catalogue0_.p_tablename as p5_4_1_, catalogue0_.p_version as p6_4_1_, catalogue0_.p_createTime as p7_4_1_, catalogue0_.p_modifyTime as p8_4_1_, catalogue0_.p_creator as p9_4_1_, catalogue0_.p_modifier as p10_4_1_, catalogue0_.p_remark as p11_4_1_, catalogue0_.p_deleted as p12_4_1_, catalogue1_.p_id as p1_4_0_, catalogue1_.p_name as p2_4_0_, catalogue1_.p_parent as p3_4_0_, catalogue1_.p_order as p4_4_0_, catalogue1_.p_tablename as p5_4_0_, catalogue1_.p_version as p6_4_0_, catalogue1_.p_createTime as p7_4_0_, catalogue1_.p_modifyTime as p8_4_0_, catalogue1_.p_creator as p9_4_0_, catalogue1_.p_modifier as p10_4_0_, catalogue1_.p_remark as p11_4_0_, catalogue1_.p_deleted as p12_4_0_ from t_catalogue catalogue0_ left outer join t_catalogue catalogue1_ on catalogue0_.p_parent=catalogue1_.p_id where catalogue0_.p_id=?
2009-06-23 22:03:39,968 INFO  [main] jdbc.EcTableDAOJdbcImpl4MySQL (EcTableDAOJdbcImpl4MySQL.java:112) - ECTABLE JDBC :select  p_id,p_title  from cms_news alias where  p_title='test' 
Hibernate: select catalogue0_.p_id as p1_4_1_, catalogue0_.p_name as p2_4_1_, catalogue0_.p_parent as p3_4_1_, catalogue0_.p_order as p4_4_1_, catalogue0_.p_tablename as p5_4_1_, catalogue0_.p_version as p6_4_1_, catalogue0_.p_createTime as p7_4_1_, catalogue0_.p_modifyTime as p8_4_1_, catalogue0_.p_creator as p9_4_1_, catalogue0_.p_modifier as p10_4_1_, catalogue0_.p_remark as p11_4_1_, catalogue0_.p_deleted as p12_4_1_, catalogue1_.p_id as p1_4_0_, catalogue1_.p_name as p2_4_0_, catalogue1_.p_parent as p3_4_0_, catalogue1_.p_order as p4_4_0_, catalogue1_.p_tablename as p5_4_0_, catalogue1_.p_version as p6_4_0_, catalogue1_.p_createTime as p7_4_0_, catalogue1_.p_modifyTime as p8_4_0_, catalogue1_.p_creator as p9_4_0_, catalogue1_.p_modifier as p10_4_0_, catalogue1_.p_remark as p11_4_0_, catalogue1_.p_deleted as p12_4_0_ from t_catalogue catalogue0_ left outer join t_catalogue catalogue1_ on catalogue0_.p_parent=catalogue1_.p_id where catalogue0_.p_id=?
2009-06-23 22:03:41,046 INFO  [main] jdbc.EcTableDAOJdbcImpl4MySQL (EcTableDAOJdbcImpl4MySQL.java:89) - JDBC : SELECT count(*) FROM (     SELECT ECTABLE.*   FROM ( select * from cms_news where p_deleted is null ) ECTABLE  WHERE 1=1  ) totalTable 
2009-06-23 22:03:41,046 INFO  [main] jdbc.EcTableDAOJdbcImpl4MySQL (EcTableDAOJdbcImpl4MySQL.java:78) - ECTABLE JDBC :    SELECT ECTABLE.*   FROM ( select * from cms_news where p_deleted is null ) ECTABLE  WHERE 1=1  limit 0,30
-------------
-------------
-------------
]]></system-out>

      <system-err><![CDATA[]]></system-err>

  </testsuite>
  <testsuite errors="3" failures="0" hostname="WWW-6746401C5A7" id="4" name="HttpActionTest" package="test.common.component.cms.action" tests="6" time="4.406" timestamp="2009-06-23T14:03:43">
      <properties>
[...]
</properties>

      <testcase classname="test.common.component.cms.action.HttpActionTest" name="testSave" time="1.015">
          <error message="SQL array must not be empty" type="java.lang.IllegalArgumentException">java.lang.IllegalArgumentException: SQL array must not be empty
	at org.springframework.util.Assert.notEmpty(Assert.java:214)
	at org.springframework.jdbc.core.JdbcTemplate.batchUpdate(JdbcTemplate.java:501)
	at common.component.ectable.dao.jdbc.EcTableDAOJdbcImpl4MySQL.executeBatch(EcTableDAOJdbcImpl4MySQL.java:127)
	at common.component.cms.service.impl.HttpServiceImpl.save(HttpServiceImpl.java:118)
	at org.springframework.aop.support.AopUtils.invokeJoinpointUsingReflection(AopUtils.java:301)
	at org.springframework.aop.framework.ReflectiveMethodInvocation.invokeJoinpoint(ReflectiveMethodInvocation.java:182)
	at org.springframework.aop.framework.ReflectiveMethodInvocation.proceed(ReflectiveMethodInvocation.java:149)
	at org.springframework.transaction.interceptor.TransactionInterceptor.invoke(TransactionInterceptor.java:106)
	at org.springframework.aop.framework.ReflectiveMethodInvocation.proceed(ReflectiveMethodInvocation.java:171)
	at org.springframework.aop.framework.JdkDynamicAopProxy.invoke(JdkDynamicAopProxy.java:204)
	at $Proxy7.save(Unknown Source)
	at common.component.cms.action.HttpAction.save(HttpAction.java:78)
	at com.opensymphony.xwork2.DefaultActionInvocation.invokeAction(DefaultActionInvocation.java:404)
	at com.opensymphony.xwork2.DefaultActionInvocation.invokeActionOnly(DefaultActionInvocation.java:267)
	at com.opensymphony.xwork2.DefaultActionInvocation.invoke(DefaultActionInvocation.java:229)
	at com.opensymphony.xwork2.interceptor.DefaultWorkflowInterceptor.doIntercept(DefaultWorkflowInterceptor.java:221)
	at com.opensymphony.xwork2.interceptor.MethodFilterInterceptor.intercept(MethodFilterInterceptor.java:86)
	at com.opensymphony.xwork2.DefaultActionInvocation$2.doProfiling(DefaultActionInvocation.java:224)
	at com.opensymphony.xwork2.DefaultActionInvocation$2.doProfiling(DefaultActionInvocation.java:223)
	at com.opensymphony.xwork2.util.profiling.UtilTimerStack.profile(UtilTimerStack.java:455)
	at com.opensymphony.xwork2.DefaultActionInvocation.invoke(DefaultActionInvocation.java:221)
	at com.opensymphony.xwork2.validator.ValidationInterceptor.doIntercept(ValidationInterceptor.java:150)
	at org.apache.struts2.interceptor.validation.AnnotationValidationInterceptor.doIntercept(AnnotationValidationInterceptor.java:48)
	at com.opensymphony.xwork2.interceptor.MethodFilterInterceptor.intercept(MethodFilterInterceptor.java:86)
	at com.opensymphony.xwork2.DefaultActionInvocation$2.doProfiling(DefaultActionInvocation.java:224)
	at com.opensymphony.xwork2.DefaultActionInvocation$2.doProfiling(DefaultActionInvocation.java:223)
	at com.opensymphony.xwork2.util.profiling.UtilTimerStack.profile(UtilTimerStack.java:455)
	at com.opensymphony.xwork2.DefaultActionInvocation.invoke(DefaultActionInvocation.java:221)
	at com.opensymphony.xwork2.interceptor.ConversionErrorInterceptor.intercept(ConversionErrorInterceptor.java:123)
	at com.opensymphony.xwork2.DefaultActionInvocation$2.doProfiling(DefaultActionInvocation.java:224)
	at com.opensymphony.xwork2.DefaultActionInvocation$2.doProfiling(DefaultActionInvocation.java:223)
	at com.opensymphony.xwork2.util.profiling.UtilTimerStack.profile(UtilTimerStack.java:455)
	at com.opensymphony.xwork2.DefaultActionInvocation.invoke(DefaultActionInvocation.java:221)
	at com.opensymphony.xwork2.interceptor.ParametersInterceptor.doIntercept(ParametersInterceptor.java:167)
	at com.opensymphony.xwork2.interceptor.MethodFilterInterceptor.intercept(MethodFilterInterceptor.java:86)
	at com.opensymphony.xwork2.DefaultActionInvocation$2.doProfiling(DefaultActionInvocation.java:224)
	at com.opensymphony.xwork2.DefaultActionInvocation$2.doProfiling(DefaultActionInvocation.java:223)
	at com.opensymphony.xwork2.util.profiling.UtilTimerStack.profile(UtilTimerStack.java:455)
	at com.opensymphony.xwork2.DefaultActionInvocation.invoke(DefaultActionInvocation.java:221)
	at com.opensymphony.xwork2.interceptor.StaticParametersInterceptor.intercept(StaticParametersInterceptor.java:105)
	at com.opensymphony.xwork2.DefaultActionInvocation$2.doProfiling(DefaultActionInvocation.java:224)
	at com.opensymphony.xwork2.DefaultActionInvocation$2.doProfiling(DefaultActionInvocation.java:223)
	at com.opensymphony.xwork2.util.profiling.UtilTimerStack.profile(UtilTimerStack.java:455)
	at com.opensymphony.xwork2.DefaultActionInvocation.invoke(DefaultActionInvocation.java:221)
	at org.apache.struts2.interceptor.CheckboxInterceptor.intercept(CheckboxInterceptor.java:83)
	at com.opensymphony.xwork2.DefaultActionInvocation$2.doProfiling(DefaultActionInvocation.java:224)
	at com.opensymphony.xwork2.DefaultActionInvocation$2.doProfiling(DefaultActionInvocation.java:223)
	at com.opensymphony.xwork2.util.profiling.UtilTimerStack.profile(UtilTimerStack.java:455)
	at com.opensymphony.xwork2.DefaultActionInvocation.invoke(DefaultActionInvocation.java:221)
	at org.apache.struts2.interceptor.FileUploadInterceptor.intercept(FileUploadInterceptor.java:207)
	at com.opensymphony.xwork2.DefaultActionInvocation$2.doProfiling(DefaultActionInvocation.java:224)
	at com.opensymphony.xwork2.DefaultActionInvocation$2.doProfiling(DefaultActionInvocation.java:223)
	at com.opensymphony.xwork2.util.profiling.UtilTimerStack.profile(UtilTimerStack.java:455)
	at com.opensymphony.xwork2.DefaultActionInvocation.invoke(DefaultActionInvocation.java:221)
	at com.opensymphony.xwork2.interceptor.ModelDrivenInterceptor.intercept(ModelDrivenInterceptor.java:74)
	at com.opensymphony.xwork2.DefaultActionInvocation$2.doProfiling(DefaultActionInvocation.java:224)
	at com.opensymphony.xwork2.DefaultActionInvocation$2.doProfiling(DefaultActionInvocation.java:223)
	at com.opensymphony.xwork2.util.profiling.UtilTimerStack.profile(UtilTimerStack.java:455)
	at com.opensymphony.xwork2.DefaultActionInvocation.invoke(DefaultActionInvocation.java:221)
	at com.opensymphony.xwork2.interceptor.ScopedModelDrivenInterceptor.intercept(ScopedModelDrivenInterceptor.java:127)
	at com.opensymphony.xwork2.DefaultActionInvocation$2.doProfiling(DefaultActionInvocation.java:224)
	at com.opensymphony.xwork2.DefaultActionInvocation$2.doProfiling(DefaultActionInvocation.java:223)
	at com.opensymphony.xwork2.util.profiling.UtilTimerStack.profile(UtilTimerStack.java:455)
	at com.opensymphony.xwork2.DefaultActionInvocation.invoke(DefaultActionInvocation.java:221)
	at org.apache.struts2.interceptor.ProfilingActivationInterceptor.intercept(ProfilingActivationInterceptor.java:107)
	at com.opensymphony.xwork2.DefaultActionInvocation$2.doProfiling(DefaultActionInvocation.java:224)
	at com.opensymphony.xwork2.DefaultActionInvocation$2.doProfiling(DefaultActionInvocation.java:223)
	at com.opensymphony.xwork2.util.profiling.UtilTimerStack.profile(UtilTimerStack.java:455)
	at com.opensymphony.xwork2.DefaultActionInvocation.invoke(DefaultActionInvocation.java:221)
	at org.apache.struts2.interceptor.debugging.DebuggingInterceptor.intercept(DebuggingInterceptor.java:206)
	at com.opensymphony.xwork2.DefaultActionInvocation$2.doProfiling(DefaultActionInvocation.java:224)
	at com.opensymphony.xwork2.DefaultActionInvocation$2.doProfiling(DefaultActionInvocation.java:223)
	at com.opensymphony.xwork2.util.profiling.UtilTimerStack.profile(UtilTimerStack.java:455)
	at com.opensymphony.xwork2.DefaultActionInvocation.invoke(DefaultActionInvocation.java:221)
	at com.opensymphony.xwork2.interceptor.ChainingInterceptor.intercept(ChainingInterceptor.java:115)
	at com.opensymphony.xwork2.DefaultActionInvocation$2.doProfiling(DefaultActionInvocation.java:224)
	at com.opensymphony.xwork2.DefaultActionInvocation$2.doProfiling(DefaultActionInvocation.java:223)
	at com.opensymphony.xwork2.util.profiling.UtilTimerStack.profile(UtilTimerStack.java:455)
	at com.opensymphony.xwork2.DefaultActionInvocation.invoke(DefaultActionInvocation.java:221)
	at com.opensymphony.xwork2.interceptor.I18nInterceptor.intercept(I18nInterceptor.java:143)
	at com.opensymphony.xwork2.DefaultActionInvocation$2.doProfiling(DefaultActionInvocation.java:224)
	at com.opensymphony.xwork2.DefaultActionInvocation$2.doProfiling(DefaultActionInvocation.java:223)
	at com.opensymphony.xwork2.util.profiling.UtilTimerStack.profile(UtilTimerStack.java:455)
	at com.opensymphony.xwork2.DefaultActionInvocation.invoke(DefaultActionInvocation.java:221)
	at com.opensymphony.xwork2.interceptor.PrepareInterceptor.doIntercept(PrepareInterceptor.java:121)
	at com.opensymphony.xwork2.interceptor.MethodFilterInterceptor.intercept(MethodFilterInterceptor.java:86)
	at com.opensymphony.xwork2.DefaultActionInvocation$2.doProfiling(DefaultActionInvocation.java:224)
	at com.opensymphony.xwork2.DefaultActionInvocation$2.doProfiling(DefaultActionInvocation.java:223)
	at com.opensymphony.xwork2.util.profiling.UtilTimerStack.profile(UtilTimerStack.java:455)
	at com.opensymphony.xwork2.DefaultActionInvocation.invoke(DefaultActionInvocation.java:221)
	at org.apache.struts2.interceptor.ServletConfigInterceptor.intercept(ServletConfigInterceptor.java:170)
	at com.opensymphony.xwork2.DefaultActionInvocation$2.doProfiling(DefaultActionInvocation.java:224)
	at com.opensymphony.xwork2.DefaultActionInvocation$2.doProfiling(DefaultActionInvocation.java:223)
	at com.opensymphony.xwork2.util.profiling.UtilTimerStack.profile(UtilTimerStack.java:455)
	at com.opensymphony.xwork2.DefaultActionInvocation.invoke(DefaultActionInvocation.java:221)
	at com.opensymphony.xwork2.interceptor.AliasInterceptor.intercept(AliasInterceptor.java:123)
	at com.opensymphony.xwork2.DefaultActionInvocation$2.doProfiling(DefaultActionInvocation.java:224)
	at com.opensymphony.xwork2.DefaultActionInvocation$2.doProfiling(DefaultActionInvocation.java:223)
	at com.opensymphony.xwork2.util.profiling.UtilTimerStack.profile(UtilTimerStack.java:455)
	at com.opensymphony.xwork2.DefaultActionInvocation.invoke(DefaultActionInvocation.java:221)
	at com.opensymphony.xwork2.interceptor.ExceptionMappingInterceptor.intercept(ExceptionMappingInterceptor.java:176)
	at com.opensymphony.xwork2.DefaultActionInvocation$2.doProfiling(DefaultActionInvocation.java:224)
	at com.opensymphony.xwork2.DefaultActionInvocation$2.doProfiling(DefaultActionInvocation.java:223)
	at com.opensymphony.xwork2.util.profiling.UtilTimerStack.profile(UtilTimerStack.java:455)
	at com.opensymphony.xwork2.DefaultActionInvocation.invoke(DefaultActionInvocation.java:221)
	at org.apache.struts2.impl.StrutsActionProxy.execute(StrutsActionProxy.java:50)
	at test.common.component.cms.action.HttpActionTest.testSave(HttpActionTest.java:88)
	at org.eclipse.ant.internal.ui.antsupport.EclipseDefaultExecutor.executeTargets(EclipseDefaultExecutor.java:32)
	at org.eclipse.ant.internal.ui.antsupport.InternalAntRunner.run(InternalAntRunner.java:423)
	at org.eclipse.ant.internal.ui.antsupport.InternalAntRunner.main(InternalAntRunner.java:137)
</error>

      </testcase>

      <testcase classname="test.common.component.cms.action.HttpActionTest" name="testDelete" time="0.469">
          <error message="SQL array must not be empty" type="java.lang.IllegalArgumentException">java.lang.IllegalArgumentException: SQL array must not be empty
	at org.springframework.util.Assert.notEmpty(Assert.java:214)
	at org.springframework.jdbc.core.JdbcTemplate.batchUpdate(JdbcTemplate.java:501)
	at common.component.ectable.dao.jdbc.EcTableDAOJdbcImpl4MySQL.executeBatch(EcTableDAOJdbcImpl4MySQL.java:127)
	at common.component.cms.service.impl.HttpServiceImpl.save(HttpServiceImpl.java:118)
	at org.springframework.aop.support.AopUtils.invokeJoinpointUsingReflection(AopUtils.java:301)
	at org.springframework.aop.framework.ReflectiveMethodInvocation.invokeJoinpoint(ReflectiveMethodInvocation.java:182)
	at org.springframework.aop.framework.ReflectiveMethodInvocation.proceed(ReflectiveMethodInvocation.java:149)
	at org.springframework.transaction.interceptor.TransactionInterceptor.invoke(TransactionInterceptor.java:106)
	at org.springframework.aop.framework.ReflectiveMethodInvocation.proceed(ReflectiveMethodInvocation.java:171)
	at org.springframework.aop.framework.JdkDynamicAopProxy.invoke(JdkDynamicAopProxy.java:204)
	at $Proxy7.save(Unknown Source)
	at common.component.cms.action.HttpAction.save(HttpAction.java:78)
	at test.common.component.cms.action.HttpActionTest.testDelete(HttpActionTest.java:119)
	at org.eclipse.ant.internal.ui.antsupport.EclipseDefaultExecutor.executeTargets(EclipseDefaultExecutor.java:32)
	at org.eclipse.ant.internal.ui.antsupport.InternalAntRunner.run(InternalAntRunner.java:423)
	at org.eclipse.ant.internal.ui.antsupport.InternalAntRunner.main(InternalAntRunner.java:137)
</error>

      </testcase>

      <testcase classname="test.common.component.cms.action.HttpActionTest" name="testUpdate" time="0.313">
          <error message="StatementCallback; bad SQL grammar [select  p_id,p_title  from in_sale alias where  p_title=&apos;test&apos; ]; nested exception is com.mysql.jdbc.exceptions.jdbc4.MySQLSyntaxErrorException: Unknown column &apos;p_title&apos; in &apos;field list&apos;" type="org.springframework.jdbc.BadSqlGrammarException">org.springframework.jdbc.BadSqlGrammarException: StatementCallback; bad SQL grammar [select  p_id,p_title  from in_sale alias where  p_title=&apos;test&apos; ]; nested exception is com.mysql.jdbc.exceptions.jdbc4.MySQLSyntaxErrorException: Unknown column &apos;p_title&apos; in &apos;field list&apos;
	at org.springframework.jdbc.support.SQLExceptionSubclassTranslator.translate(SQLExceptionSubclassTranslator.java:78)
	at org.springframework.jdbc.support.SQLErrorCodeSQLExceptionTranslator.translate(SQLErrorCodeSQLExceptionTranslator.java:237)
	at org.springframework.jdbc.core.JdbcTemplate.execute(JdbcTemplate.java:382)
	at org.springframework.jdbc.core.JdbcTemplate.query(JdbcTemplate.java:433)
	at org.springframework.jdbc.core.JdbcTemplate.query(JdbcTemplate.java:441)
	at common.component.ectable.dao.jdbc.EcTableDAOJdbcImpl4MySQL.getSimpleList(EcTableDAOJdbcImpl4MySQL.java:113)
	at common.component.cms.service.impl.HttpServiceImpl.getList(HttpServiceImpl.java:327)
	at org.springframework.aop.support.AopUtils.invokeJoinpointUsingReflection(AopUtils.java:301)
	at org.springframework.aop.framework.ReflectiveMethodInvocation.invokeJoinpoint(ReflectiveMethodInvocation.java:182)
	at org.springframework.aop.framework.ReflectiveMethodInvocation.proceed(ReflectiveMethodInvocation.java:149)
	at org.springframework.transaction.interceptor.TransactionInterceptor.invoke(TransactionInterceptor.java:106)
	at org.springframework.aop.framework.ReflectiveMethodInvocation.proceed(ReflectiveMethodInvocation.java:171)
	at org.springframework.aop.framework.JdkDynamicAopProxy.invoke(JdkDynamicAopProxy.java:204)
	at $Proxy7.getList(Unknown Source)
	at test.common.component.cms.action.HttpActionTest.getOneContentId(HttpActionTest.java:187)
	at test.common.component.cms.action.HttpActionTest.testUpdate(HttpActionTest.java:149)
	at org.eclipse.ant.internal.ui.antsupport.EclipseDefaultExecutor.executeTargets(EclipseDefaultExecutor.java:32)
	at org.eclipse.ant.internal.ui.antsupport.InternalAntRunner.run(InternalAntRunner.java:423)
	at org.eclipse.ant.internal.ui.antsupport.InternalAntRunner.main(InternalAntRunner.java:137)
Caused by: com.mysql.jdbc.exceptions.jdbc4.MySQLSyntaxErrorException: Unknown column &apos;p_title&apos; in &apos;field list&apos;
	at java.lang.reflect.Constructor.newInstance(Constructor.java:513)
	at com.mysql.jdbc.Util.handleNewInstance(Util.java:403)
	at com.mysql.jdbc.Util.getInstance(Util.java:378)
	at com.mysql.jdbc.SQLError.createSQLException(SQLError.java:1031)
	at com.mysql.jdbc.SQLError.createSQLException(SQLError.java:957)
	at com.mysql.jdbc.MysqlIO.checkErrorPacket(MysqlIO.java:3361)
	at com.mysql.jdbc.MysqlIO.checkErrorPacket(MysqlIO.java:3295)
	at com.mysql.jdbc.MysqlIO.sendCommand(MysqlIO.java:1852)
	at com.mysql.jdbc.MysqlIO.sqlQueryDirect(MysqlIO.java:1975)
	at com.mysql.jdbc.ConnectionImpl.execSQL(ConnectionImpl.java:2470)
	at com.mysql.jdbc.ConnectionImpl.execSQL(ConnectionImpl.java:2399)
	at com.mysql.jdbc.StatementImpl.executeQuery(StatementImpl.java:1218)
	at org.apache.commons.dbcp.DelegatingStatement.executeQuery(DelegatingStatement.java:205)
	at org.springframework.jdbc.core.JdbcTemplate$1QueryStatementCallback.doInStatement(JdbcTemplate.java:418)
	at org.springframework.jdbc.core.JdbcTemplate.execute(JdbcTemplate.java:371)
</error>

      </testcase>

      <testcase classname="test.common.component.cms.action.HttpActionTest" name="testSearch" time="0.812" />

      <testcase classname="test.common.component.cms.action.HttpActionTest" name="testNewOne" time="0.969" />

      <testcase classname="test.common.component.cms.action.HttpActionTest" name="testEdit" time="0.812" />

      <system-out><![CDATA[Hibernate: select catalogue0_.p_id as p1_4_1_, catalogue0_.p_name as p2_4_1_, catalogue0_.p_parent as p3_4_1_, catalogue0_.p_order as p4_4_1_, catalogue0_.p_tablename as p5_4_1_, catalogue0_.p_version as p6_4_1_, catalogue0_.p_createTime as p7_4_1_, catalogue0_.p_modifyTime as p8_4_1_, catalogue0_.p_creator as p9_4_1_, catalogue0_.p_modifier as p10_4_1_, catalogue0_.p_remark as p11_4_1_, catalogue0_.p_deleted as p12_4_1_, catalogue1_.p_id as p1_4_0_, catalogue1_.p_name as p2_4_0_, catalogue1_.p_parent as p3_4_0_, catalogue1_.p_order as p4_4_0_, catalogue1_.p_tablename as p5_4_0_, catalogue1_.p_version as p6_4_0_, catalogue1_.p_createTime as p7_4_0_, catalogue1_.p_modifyTime as p8_4_0_, catalogue1_.p_creator as p9_4_0_, catalogue1_.p_modifier as p10_4_0_, catalogue1_.p_remark as p11_4_0_, catalogue1_.p_deleted as p12_4_0_ from t_catalogue catalogue0_ left outer join t_catalogue catalogue1_ on catalogue0_.p_parent=catalogue1_.p_id where catalogue0_.p_id=?
Hibernate: select attribute0_.p_id as p1_6_, attribute0_.p_name as p2_6_, attribute0_.p_catalogue as p3_6_, attribute0_.p_column as p4_6_, attribute0_.p_type as p5_6_, attribute0_.p_length as p6_6_, attribute0_.p_createTime as p7_6_, attribute0_.p_modifyTime as p8_6_, attribute0_.p_creator as p9_6_, attribute0_.p_modifier as p10_6_, attribute0_.p_remark as p11_6_, attribute0_.p_deleted as p12_6_ from t_attribute attribute0_ where 1=1 and attribute0_.p_catalogue='12'
Hibernate: select catalogue0_.p_id as p1_4_1_, catalogue0_.p_name as p2_4_1_, catalogue0_.p_parent as p3_4_1_, catalogue0_.p_order as p4_4_1_, catalogue0_.p_tablename as p5_4_1_, catalogue0_.p_version as p6_4_1_, catalogue0_.p_createTime as p7_4_1_, catalogue0_.p_modifyTime as p8_4_1_, catalogue0_.p_creator as p9_4_1_, catalogue0_.p_modifier as p10_4_1_, catalogue0_.p_remark as p11_4_1_, catalogue0_.p_deleted as p12_4_1_, catalogue1_.p_id as p1_4_0_, catalogue1_.p_name as p2_4_0_, catalogue1_.p_parent as p3_4_0_, catalogue1_.p_order as p4_4_0_, catalogue1_.p_tablename as p5_4_0_, catalogue1_.p_version as p6_4_0_, catalogue1_.p_createTime as p7_4_0_, catalogue1_.p_modifyTime as p8_4_0_, catalogue1_.p_creator as p9_4_0_, catalogue1_.p_modifier as p10_4_0_, catalogue1_.p_remark as p11_4_0_, catalogue1_.p_deleted as p12_4_0_ from t_catalogue catalogue0_ left outer join t_catalogue catalogue1_ on catalogue0_.p_parent=catalogue1_.p_id where catalogue0_.p_id=?
2009-06-23 22:03:44,453 DEBUG [main] impl.HttpServiceImpl (HttpServiceImpl.java:96) - 
2009-06-23 22:03:44,453 DEBUG [main] impl.HttpServiceImpl (HttpServiceImpl.java:96) - 
2009-06-23 22:03:44,453 DEBUG [main] impl.HttpServiceImpl (HttpServiceImpl.java:96) - 
2009-06-23 22:03:44,453 DEBUG [main] impl.HttpServiceImpl (HttpServiceImpl.java:96) - 
2009-06-23 22:03:44,468 DEBUG [main] impl.HttpServiceImpl (HttpServiceImpl.java:96) - 
2009-06-23 22:03:44,468 INFO  [main] jdbc.EcTableDAOJdbcImpl4MySQL (EcTableDAOJdbcImpl4MySQL.java:126) - ECTABLE JDBC :[]
Hibernate: select catalogue0_.p_id as p1_4_1_, catalogue0_.p_name as p2_4_1_, catalogue0_.p_parent as p3_4_1_, catalogue0_.p_order as p4_4_1_, catalogue0_.p_tablename as p5_4_1_, catalogue0_.p_version as p6_4_1_, catalogue0_.p_createTime as p7_4_1_, catalogue0_.p_modifyTime as p8_4_1_, catalogue0_.p_creator as p9_4_1_, catalogue0_.p_modifier as p10_4_1_, catalogue0_.p_remark as p11_4_1_, catalogue0_.p_deleted as p12_4_1_, catalogue1_.p_id as p1_4_0_, catalogue1_.p_name as p2_4_0_, catalogue1_.p_parent as p3_4_0_, catalogue1_.p_order as p4_4_0_, catalogue1_.p_tablename as p5_4_0_, catalogue1_.p_version as p6_4_0_, catalogue1_.p_createTime as p7_4_0_, catalogue1_.p_modifyTime as p8_4_0_, catalogue1_.p_creator as p9_4_0_, catalogue1_.p_modifier as p10_4_0_, catalogue1_.p_remark as p11_4_0_, catalogue1_.p_deleted as p12_4_0_ from t_catalogue catalogue0_ left outer join t_catalogue catalogue1_ on catalogue0_.p_parent=catalogue1_.p_id where catalogue0_.p_id=?
2009-06-23 22:03:44,937 DEBUG [main] impl.HttpServiceImpl (HttpServiceImpl.java:96) - 
2009-06-23 22:03:44,937 DEBUG [main] impl.HttpServiceImpl (HttpServiceImpl.java:96) - 
2009-06-23 22:03:44,937 DEBUG [main] impl.HttpServiceImpl (HttpServiceImpl.java:96) - 
2009-06-23 22:03:44,937 DEBUG [main] impl.HttpServiceImpl (HttpServiceImpl.java:96) - 
2009-06-23 22:03:44,937 DEBUG [main] impl.HttpServiceImpl (HttpServiceImpl.java:96) - 
2009-06-23 22:03:44,937 INFO  [main] jdbc.EcTableDAOJdbcImpl4MySQL (EcTableDAOJdbcImpl4MySQL.java:126) - ECTABLE JDBC :[]
Hibernate: select catalogue0_.p_id as p1_4_1_, catalogue0_.p_name as p2_4_1_, catalogue0_.p_parent as p3_4_1_, catalogue0_.p_order as p4_4_1_, catalogue0_.p_tablename as p5_4_1_, catalogue0_.p_version as p6_4_1_, catalogue0_.p_createTime as p7_4_1_, catalogue0_.p_modifyTime as p8_4_1_, catalogue0_.p_creator as p9_4_1_, catalogue0_.p_modifier as p10_4_1_, catalogue0_.p_remark as p11_4_1_, catalogue0_.p_deleted as p12_4_1_, catalogue1_.p_id as p1_4_0_, catalogue1_.p_name as p2_4_0_, catalogue1_.p_parent as p3_4_0_, catalogue1_.p_order as p4_4_0_, catalogue1_.p_tablename as p5_4_0_, catalogue1_.p_version as p6_4_0_, catalogue1_.p_createTime as p7_4_0_, catalogue1_.p_modifyTime as p8_4_0_, catalogue1_.p_creator as p9_4_0_, catalogue1_.p_modifier as p10_4_0_, catalogue1_.p_remark as p11_4_0_, catalogue1_.p_deleted as p12_4_0_ from t_catalogue catalogue0_ left outer join t_catalogue catalogue1_ on catalogue0_.p_parent=catalogue1_.p_id where catalogue0_.p_id=?
2009-06-23 22:03:45,250 INFO  [main] jdbc.EcTableDAOJdbcImpl4MySQL (EcTableDAOJdbcImpl4MySQL.java:112) - ECTABLE JDBC :select  p_id,p_title  from in_sale alias where  p_title='test' 
Hibernate: select catalogue0_.p_id as p1_4_1_, catalogue0_.p_name as p2_4_1_, catalogue0_.p_parent as p3_4_1_, catalogue0_.p_order as p4_4_1_, catalogue0_.p_tablename as p5_4_1_, catalogue0_.p_version as p6_4_1_, catalogue0_.p_createTime as p7_4_1_, catalogue0_.p_modifyTime as p8_4_1_, catalogue0_.p_creator as p9_4_1_, catalogue0_.p_modifier as p10_4_1_, catalogue0_.p_remark as p11_4_1_, catalogue0_.p_deleted as p12_4_1_, catalogue1_.p_id as p1_4_0_, catalogue1_.p_name as p2_4_0_, catalogue1_.p_parent as p3_4_0_, catalogue1_.p_order as p4_4_0_, catalogue1_.p_tablename as p5_4_0_, catalogue1_.p_version as p6_4_0_, catalogue1_.p_createTime as p7_4_0_, catalogue1_.p_modifyTime as p8_4_0_, catalogue1_.p_creator as p9_4_0_, catalogue1_.p_modifier as p10_4_0_, catalogue1_.p_remark as p11_4_0_, catalogue1_.p_deleted as p12_4_0_ from t_catalogue catalogue0_ left outer join t_catalogue catalogue1_ on catalogue0_.p_parent=catalogue1_.p_id where catalogue0_.p_id=?
2009-06-23 22:03:46,031 INFO  [main] jdbc.EcTableDAOJdbcImpl4MySQL (EcTableDAOJdbcImpl4MySQL.java:89) - JDBC : SELECT count(*) FROM (     SELECT ECTABLE.*   FROM ( select * from in_sale where p_deleted is null group by p_id ) ECTABLE  WHERE 1=1  ) totalTable 
2009-06-23 22:03:46,046 INFO  [main] jdbc.EcTableDAOJdbcImpl4MySQL (EcTableDAOJdbcImpl4MySQL.java:78) - ECTABLE JDBC :    SELECT ECTABLE.*   FROM ( select * from in_sale where p_deleted is null group by p_id ) ECTABLE  WHERE 1=1  limit 0,30
-------------
-------------
-------------
]]></system-out>

      <system-err><![CDATA[]]></system-err>

  </testsuite>
  <testsuite errors="0" failures="0" hostname="WWW-6746401C5A7" id="5" name="AdminActionTest" package="test.common.component.permission.action" tests="6" time="8.078" timestamp="2009-06-23T14:03:47">
      <properties>
[...]
</properties>

      <testcase classname="test.common.component.permission.action.AdminActionTest" name="testSave" time="1.438" />

      <testcase classname="test.common.component.permission.action.AdminActionTest" name="testDelete" time="1.593" />

      <testcase classname="test.common.component.permission.action.AdminActionTest" name="testUpdate" time="1.532" />

      <testcase classname="test.common.component.permission.action.AdminActionTest" name="testSearch" time="1.047" />

      <testcase classname="test.common.component.permission.action.AdminActionTest" name="testNewOne" time="1.062" />

      <testcase classname="test.common.component.permission.action.AdminActionTest" name="testEdit" time="1.375" />

      <system-out><![CDATA[Hibernate: select role0_.p_id as p1_1_, role0_.p_name as p2_1_, role0_.p_createTime as p3_1_, role0_.p_modifyTime as p4_1_, role0_.p_creator as p5_1_, role0_.p_modifier as p6_1_, role0_.p_remark as p7_1_, role0_.p_deleted as p8_1_ from t_role role0_ where 1=1 and (role0_.p_deleted is null)
Hibernate: select admin0_.p_id as p1_0_, admin0_.p_name as p2_0_, admin0_.p_password as p3_0_, admin0_.p_role as p4_0_, admin0_.p_username as p5_0_, admin0_.p_position as p6_0_, admin0_.p_group as p7_0_, admin0_.p_createTime as p8_0_, admin0_.p_modifyTime as p9_0_, admin0_.p_creator as p10_0_, admin0_.p_modifier as p11_0_, admin0_.p_remark as p12_0_, admin0_.p_deleted as p13_0_ from t_admin admin0_ where 1=1 and (admin0_.p_deleted is null) and admin0_.p_username='test'
[...]
Hibernate: select navigate0_.p_id as p1_3_, navigate0_.p_name as p2_3_, navigate0_.p_parent as p3_3_, navigate0_.p_order as p4_3_, navigate0_.p_url as p5_3_, navigate0_.p_createTime as p6_3_, navigate0_.p_modifyTime as p7_3_, navigate0_.p_creator as p8_3_, navigate0_.p_modifier as p9_3_, navigate0_.p_remark as p10_3_, navigate0_.p_deleted as p11_3_ from t_navigate navigate0_ where 1=1 and (navigate0_.p_deleted is null) order by navigate0_.p_id
-------------
Hibernate: select navigate0_.p_id as p1_3_, navigate0_.p_name as p2_3_, navigate0_.p_parent as p3_3_, navigate0_.p_order as p4_3_, navigate0_.p_url as p5_3_, navigate0_.p_createTime as p6_3_, navigate0_.p_modifyTime as p7_3_, navigate0_.p_creator as p8_3_, navigate0_.p_modifier as p9_3_, navigate0_.p_remark as p10_3_, navigate0_.p_deleted as p11_3_ from t_navigate navigate0_ where 1=1 and (navigate0_.p_deleted is null) order by navigate0_.p_id
-------------
-------------
Hibernate: select navigate0_.p_id as p1_3_, navigate0_.p_name as p2_3_, navigate0_.p_parent as p3_3_, navigate0_.p_order as p4_3_, navigate0_.p_url as p5_3_, navigate0_.p_createTime as p6_3_, navigate0_.p_modifyTime as p7_3_, navigate0_.p_creator as p8_3_, navigate0_.p_modifier as p9_3_, navigate0_.p_remark as p10_3_, navigate0_.p_deleted as p11_3_ from t_navigate navigate0_ where 1=1 and navigate0_.p_name='test'
]]></system-out>

      <system-err><![CDATA[]]></system-err>

  </testsuite>
  <testsuite errors="0" failures="0" hostname="WWW-6746401C5A7" id="9" name="PermissionActionTest" package="test.common.component.permission.action" tests="3" time="3.391" timestamp="2009-06-23T14:04:10">
      <properties>
[...]
</properties>

      <testcase classname="test.common.component.permission.action.PermissionActionTest" name="testSave" time="1.531" />

      <testcase classname="test.common.component.permission.action.PermissionActionTest" name="testSearch" time="1.141" />

      <testcase classname="test.common.component.permission.action.PermissionActionTest" name="testEdit" time="0.703" />

      <system-out><![CDATA[Hibernate: select role0_.p_id as p1_1_, role0_.p_name as p2_1_, role0_.p_createTime as p3_1_, role0_.p_modifyTime as p4_1_, role0_.p_creator as p5_1_, role0_.p_modifier as p6_1_, role0_.p_remark as p7_1_, role0_.p_deleted as p8_1_ from t_role role0_ where 1=1 and (role0_.p_deleted is null)
Hibernate: select navigate0_.p_id as p1_3_, navigate0_.p_name as p2_3_, navigate0_.p_parent as p3_3_, navigate0_.p_order as p4_3_, navigate0_.p_url as p5_3_, navigate0_.p_createTime as p6_3_, navigate0_.p_modifyTime as p7_3_, navigate0_.p_creator as p8_3_, navigate0_.p_modifier as p9_3_, navigate0_.p_remark as p10_3_, navigate0_.p_deleted as p11_3_ from t_navigate navigate0_ where 1=1 and (navigate0_.p_deleted is null) order by navigate0_.p_id
Hibernate: select role0_.p_id as p1_1_, role0_.p_name as p2_1_, role0_.p_createTime as p3_1_, role0_.p_modifyTime as p4_1_, role0_.p_creator as p5_1_, role0_.p_modifier as p6_1_, role0_.p_remark as p7_1_, role0_.p_deleted as p8_1_ from t_role role0_ where 1=1 and (role0_.p_deleted is null)
Hibernate: select navigate0_.p_id as p1_3_, navigate0_.p_name as p2_3_, navigate0_.p_parent as p3_3_, navigate0_.p_order as p4_3_, navigate0_.p_url as p5_3_, navigate0_.p_createTime as p6_3_, navigate0_.p_modifyTime as p7_3_, navigate0_.p_creator as p8_3_, navigate0_.p_modifier as p9_3_, navigate0_.p_remark as p10_3_, navigate0_.p_deleted as p11_3_ from t_navigate navigate0_ where 1=1 and (navigate0_.p_deleted is null) order by navigate0_.p_id
2009-06-23 22:04:11,203 INFO  [main] jdbc.EcTableDAOJdbcImpl4MySQL (EcTableDAOJdbcImpl4MySQL.java:126) - ECTABLE JDBC :[insert into t_permission(p_id,p_role,p_navigate,p_checked) select CONCAT('1',p_id),'1',p_id,null from t_navigate t where t.p_deleted is null and t.p_id not in (select p_navigate from t_permission where p_role='1'), update t_permission set p_checked=1 where p_role='1' and p_navigate in('9','9000','9001','90010','90011','9002','90020','90021','9003','90030','9004','9100','9101','91010','91011','9102','91020','9103','91030','91031','91032'), update t_permission set p_checked=null where p_role='1' and p_navigate not in('9','9000','9001','90010','90011','9002','90020','90021','9003','90030','9004','9100','9101','91010','91011','9102','91020','9103','91030','91031','91032')]
Hibernate: select permission0_.p_id as p1_2_0_, navigate1_.p_id as p1_3_1_, navigate2_.p_id as p1_3_2_, permission0_.p_role as p2_2_0_, permission0_.p_checked as p3_2_0_, permission0_.p_navigate as p4_2_0_, permission0_.p_createTime as p5_2_0_, permission0_.p_modifyTime as p6_2_0_, permission0_.p_creator as p7_2_0_, permission0_.p_modifier as p8_2_0_, permission0_.p_remark as p9_2_0_, permission0_.p_deleted as p10_2_0_, navigate1_.p_name as p2_3_1_, navigate1_.p_parent as p3_3_1_, navigate1_.p_order as p4_3_1_, navigate1_.p_url as p5_3_1_, navigate1_.p_createTime as p6_3_1_, navigate1_.p_modifyTime as p7_3_1_, navigate1_.p_creator as p8_3_1_, navigate1_.p_modifier as p9_3_1_, navigate1_.p_remark as p10_3_1_, navigate1_.p_deleted as p11_3_1_, navigate2_.p_name as p2_3_2_, navigate2_.p_parent as p3_3_2_, navigate2_.p_order as p4_3_2_, navigate2_.p_url as p5_3_2_, navigate2_.p_createTime as p6_3_2_, navigate2_.p_modifyTime as p7_3_2_, navigate2_.p_creator as p8_3_2_, navigate2_.p_modifier as p9_3_2_, navigate2_.p_remark as p10_3_2_, navigate2_.p_deleted as p11_3_2_ from t_permission permission0_ left outer join t_navigate navigate1_ on permission0_.p_navigate=navigate1_.p_id left outer join t_navigate navigate2_ on navigate1_.p_parent=navigate2_.p_id where 1=1 and permission0_.p_role='1' and (permission0_.p_deleted is null)
Hibernate: select permission0_.p_id as p1_2_0_, navigate1_.p_id as p1_3_1_, navigate2_.p_id as p1_3_2_, permission0_.p_role as p2_2_0_, permission0_.p_checked as p3_2_0_, permission0_.p_navigate as p4_2_0_, permission0_.p_createTime as p5_2_0_, permission0_.p_modifyTime as p6_2_0_, permission0_.p_creator as p7_2_0_, permission0_.p_modifier as p8_2_0_, permission0_.p_remark as p9_2_0_, permission0_.p_deleted as p10_2_0_, navigate1_.p_name as p2_3_1_, navigate1_.p_parent as p3_3_1_, navigate1_.p_order as p4_3_1_, navigate1_.p_url as p5_3_1_, navigate1_.p_createTime as p6_3_1_, navigate1_.p_modifyTime as p7_3_1_, navigate1_.p_creator as p8_3_1_, navigate1_.p_modifier as p9_3_1_, navigate1_.p_remark as p10_3_1_, navigate1_.p_deleted as p11_3_1_, navigate2_.p_name as p2_3_2_, navigate2_.p_parent as p3_3_2_, navigate2_.p_order as p4_3_2_, navigate2_.p_url as p5_3_2_, navigate2_.p_createTime as p6_3_2_, navigate2_.p_modifyTime as p7_3_2_, navigate2_.p_creator as p8_3_2_, navigate2_.p_modifier as p9_3_2_, navigate2_.p_remark as p10_3_2_, navigate2_.p_deleted as p11_3_2_ from t_permission permission0_ left outer join t_navigate navigate1_ on permission0_.p_navigate=navigate1_.p_id left outer join t_navigate navigate2_ on navigate1_.p_parent=navigate2_.p_id where 1=1 and permission0_.p_role='1' and (permission0_.p_deleted is null)
Hibernate: select role0_.p_id as p1_1_, role0_.p_name as p2_1_, role0_.p_createTime as p3_1_, role0_.p_modifyTime as p4_1_, role0_.p_creator as p5_1_, role0_.p_modifier as p6_1_, role0_.p_remark as p7_1_, role0_.p_deleted as p8_1_ from t_role role0_ where 1=1 and (role0_.p_deleted is null)
Hibernate: select navigate0_.p_id as p1_3_, navigate0_.p_name as p2_3_, navigate0_.p_parent as p3_3_, navigate0_.p_order as p4_3_, navigate0_.p_url as p5_3_, navigate0_.p_createTime as p6_3_, navigate0_.p_modifyTime as p7_3_, navigate0_.p_creator as p8_3_, navigate0_.p_modifier as p9_3_, navigate0_.p_remark as p10_3_, navigate0_.p_deleted as p11_3_ from t_navigate navigate0_ where 1=1 and (navigate0_.p_deleted is null) order by navigate0_.p_id
-------------
2009-06-23 22:04:11,781 INFO  [main] jdbc.EcTableDAOJdbcImpl4MySQL (EcTableDAOJdbcImpl4MySQL.java:126) - ECTABLE JDBC :[insert into t_permission(p_id,p_role,p_navigate,p_checked) select CONCAT('1',p_id),'1',p_id,null from t_navigate t where t.p_deleted is null and t.p_id not in (select p_navigate from t_permission where p_role='1'), update t_permission set p_checked=1 where p_role='1' and p_navigate in('9','9000','9001','90010','90011','9002','90020','90021','9003','90030','9004','9100','9101','91010','91011','9102','91020','9103','91030','91031','91032'), update t_permission set p_checked=null where p_role='1' and p_navigate not in('9','9000','9001','90010','90011','9002','90020','90021','9003','90030','9004','9100','9101','91010','91011','9102','91020','9103','91030','91031','91032')]
Hibernate: select permission0_.p_id as p1_2_0_, navigate1_.p_id as p1_3_1_, navigate2_.p_id as p1_3_2_, permission0_.p_role as p2_2_0_, permission0_.p_checked as p3_2_0_, permission0_.p_navigate as p4_2_0_, permission0_.p_createTime as p5_2_0_, permission0_.p_modifyTime as p6_2_0_, permission0_.p_creator as p7_2_0_, permission0_.p_modifier as p8_2_0_, permission0_.p_remark as p9_2_0_, permission0_.p_deleted as p10_2_0_, navigate1_.p_name as p2_3_1_, navigate1_.p_parent as p3_3_1_, navigate1_.p_order as p4_3_1_, navigate1_.p_url as p5_3_1_, navigate1_.p_createTime as p6_3_1_, navigate1_.p_modifyTime as p7_3_1_, navigate1_.p_creator as p8_3_1_, navigate1_.p_modifier as p9_3_1_, navigate1_.p_remark as p10_3_1_, navigate1_.p_deleted as p11_3_1_, navigate2_.p_name as p2_3_2_, navigate2_.p_parent as p3_3_2_, navigate2_.p_order as p4_3_2_, navigate2_.p_url as p5_3_2_, navigate2_.p_createTime as p6_3_2_, navigate2_.p_modifyTime as p7_3_2_, navigate2_.p_creator as p8_3_2_, navigate2_.p_modifier as p9_3_2_, navigate2_.p_remark as p10_3_2_, navigate2_.p_deleted as p11_3_2_ from t_permission permission0_ left outer join t_navigate navigate1_ on permission0_.p_navigate=navigate1_.p_id left outer join t_navigate navigate2_ on navigate1_.p_parent=navigate2_.p_id where 1=1 and permission0_.p_role='1' and (permission0_.p_deleted is null)
Hibernate: select role0_.p_id as p1_1_, role0_.p_name as p2_1_, role0_.p_createTime as p3_1_, role0_.p_modifyTime as p4_1_, role0_.p_creator as p5_1_, role0_.p_modifier as p6_1_, role0_.p_remark as p7_1_, role0_.p_deleted as p8_1_ from t_role role0_ where 1=1 and (role0_.p_deleted is null)
Hibernate: select navigate0_.p_id as p1_3_, navigate0_.p_name as p2_3_, navigate0_.p_parent as p3_3_, navigate0_.p_order as p4_3_, navigate0_.p_url as p5_3_, navigate0_.p_createTime as p6_3_, navigate0_.p_modifyTime as p7_3_, navigate0_.p_creator as p8_3_, navigate0_.p_modifier as p9_3_, navigate0_.p_remark as p10_3_, navigate0_.p_deleted as p11_3_ from t_navigate navigate0_ where 1=1 and (navigate0_.p_deleted is null) order by navigate0_.p_id
-------------
Hibernate: select role0_.p_id as p1_1_, role0_.p_name as p2_1_, role0_.p_createTime as p3_1_, role0_.p_modifyTime as p4_1_, role0_.p_creator as p5_1_, role0_.p_modifier as p6_1_, role0_.p_remark as p7_1_, role0_.p_deleted as p8_1_ from t_role role0_ where 1=1 and (role0_.p_deleted is null)
Hibernate: select navigate0_.p_id as p1_3_, navigate0_.p_name as p2_3_, navigate0_.p_parent as p3_3_, navigate0_.p_order as p4_3_, navigate0_.p_url as p5_3_, navigate0_.p_createTime as p6_3_, navigate0_.p_modifyTime as p7_3_, navigate0_.p_creator as p8_3_, navigate0_.p_modifier as p9_3_, navigate0_.p_remark as p10_3_, navigate0_.p_deleted as p11_3_ from t_navigate navigate0_ where 1=1 and (navigate0_.p_deleted is null) order by navigate0_.p_id
Hibernate: select role0_.p_id as p1_1_, role0_.p_name as p2_1_, role0_.p_createTime as p3_1_, role0_.p_modifyTime as p4_1_, role0_.p_creator as p5_1_, role0_.p_modifier as p6_1_, role0_.p_remark as p7_1_, role0_.p_deleted as p8_1_ from t_role role0_ where 1=1 and (role0_.p_deleted is null)
Hibernate: select navigate0_.p_id as p1_3_, navigate0_.p_name as p2_3_, navigate0_.p_parent as p3_3_, navigate0_.p_order as p4_3_, navigate0_.p_url as p5_3_, navigate0_.p_createTime as p6_3_, navigate0_.p_modifyTime as p7_3_, navigate0_.p_creator as p8_3_, navigate0_.p_modifier as p9_3_, navigate0_.p_remark as p10_3_, navigate0_.p_deleted as p11_3_ from t_navigate navigate0_ where 1=1 and (navigate0_.p_deleted is null) order by navigate0_.p_id
-------------
]]></system-out>

      <system-err><![CDATA[]]></system-err>

  </testsuite>
  <testsuite errors="0" failures="0" hostname="WWW-6746401C5A7" id="10" name="RoleActionTest" package="test.common.component.permission.action" tests="6" time="6.766" timestamp="2009-06-23T14:04:13">
      <properties>
[...]
</properties>

      <testcase classname="test.common.component.permission.action.RoleActionTest" name="testSave" time="1.328" />

      <testcase classname="test.common.component.permission.action.RoleActionTest" name="testDelete" time="1.5" />

      <testcase classname="test.common.component.permission.action.RoleActionTest" name="testUpdate" time="1.5" />

      <testcase classname="test.common.component.permission.action.RoleActionTest" name="testSearch" time="0.984" />

      <testcase classname="test.common.component.permission.action.RoleActionTest" name="testNewOne" time="0.719" />

      <testcase classname="test.common.component.permission.action.RoleActionTest" name="testEdit" time="0.703" />

      <system-out><![CDATA[Hibernate: select role0_.p_id as p1_1_, role0_.p_name as p2_1_, role0_.p_createTime as p3_1_, role0_.p_modifyTime as p4_1_, role0_.p_creator as p5_1_, role0_.p_modifier as p6_1_, role0_.p_remark as p7_1_, role0_.p_deleted as p8_1_ from t_role role0_ where 1=1 and (role0_.p_deleted is null) and role0_.p_name='test'
Hibernate: insert into t_role (p_name, p_createTime, p_id) values (?, ?, ?)
2009-06-23 22:04:14,953 INFO  [main] jdbc.EcTableDAOJdbcImpl4MySQL (EcTableDAOJdbcImpl4MySQL.java:89) - JDBC : SELECT count(*) FROM (     SELECT ECTABLE.*   FROM ( select t.p_id,t.p_name,t.p_createtime,t.p_modifytime,t.p_creator,t.p_modifier from t_role t where 1=1 and t.p_deleted is null  ) ECTABLE  WHERE 1=1  ) totalTable 
2009-06-23 22:04:14,953 INFO  [main] jdbc.EcTableDAOJdbcImpl4MySQL (EcTableDAOJdbcImpl4MySQL.java:78) - ECTABLE JDBC :    SELECT ECTABLE.*   FROM ( select t.p_id,t.p_name,t.p_createtime,t.p_modifytime,t.p_creator,t.p_modifier from t_role t where 1=1 and t.p_deleted is null  ) ECTABLE  WHERE 1=1  limit 0,30
-------------
Hibernate: select role0_.p_id as p1_1_, role0_.p_name as p2_1_, role0_.p_createTime as p3_1_, role0_.p_modifyTime as p4_1_, role0_.p_creator as p5_1_, role0_.p_modifier as p6_1_, role0_.p_remark as p7_1_, role0_.p_deleted as p8_1_ from t_role role0_ where 1=1 and role0_.p_name='test' and (role0_.p_deleted is null or role0_.p_deleted='')
Hibernate: select role0_.p_id as p1_1_0_, role0_.p_name as p2_1_0_, role0_.p_createTime as p3_1_0_, role0_.p_modifyTime as p4_1_0_, role0_.p_creator as p5_1_0_, role0_.p_modifier as p6_1_0_, role0_.p_remark as p7_1_0_, role0_.p_deleted as p8_1_0_ from t_role role0_ where role0_.p_id=?
Hibernate: update t_role set p_modifyTime=?, p_deleted=? where p_id=?
Hibernate: select role0_.p_id as p1_1_, role0_.p_name as p2_1_, role0_.p_createTime as p3_1_, role0_.p_modifyTime as p4_1_, role0_.p_creator as p5_1_, role0_.p_modifier as p6_1_, role0_.p_remark as p7_1_, role0_.p_deleted as p8_1_ from t_role role0_ where 1=1 and (role0_.p_deleted is null) and role0_.p_name='test'
Hibernate: insert into t_role (p_name, p_createTime, p_id) values (?, ?, ?)
Hibernate: select role0_.p_id as p1_1_, role0_.p_name as p2_1_, role0_.p_createTime as p3_1_, role0_.p_modifyTime as p4_1_, role0_.p_creator as p5_1_, role0_.p_modifier as p6_1_, role0_.p_remark as p7_1_, role0_.p_deleted as p8_1_ from t_role role0_ where 1=1 and role0_.p_name='test' and (role0_.p_deleted is null)
Hibernate: select role0_.p_id as p1_1_0_, role0_.p_name as p2_1_0_, role0_.p_createTime as p3_1_0_, role0_.p_modifyTime as p4_1_0_, role0_.p_creator as p5_1_0_, role0_.p_modifier as p6_1_0_, role0_.p_remark as p7_1_0_, role0_.p_deleted as p8_1_0_ from t_role role0_ where role0_.p_id=?
Hibernate: update t_role set p_modifyTime=?, p_deleted=? where p_id=?
2009-06-23 22:04:16,562 INFO  [main] jdbc.EcTableDAOJdbcImpl4MySQL (EcTableDAOJdbcImpl4MySQL.java:89) - JDBC : SELECT count(*) FROM (     SELECT ECTABLE.*   FROM ( select t.p_id,t.p_name,t.p_createtime,t.p_modifytime,t.p_creator,t.p_modifier from t_role t where 1=1 and t.p_deleted is null  ) ECTABLE  WHERE 1=1  ) totalTable 
2009-06-23 22:04:16,578 INFO  [main] jdbc.EcTableDAOJdbcImpl4MySQL (EcTableDAOJdbcImpl4MySQL.java:78) - ECTABLE JDBC :    SELECT ECTABLE.*   FROM ( select t.p_id,t.p_name,t.p_createtime,t.p_modifytime,t.p_creator,t.p_modifier from t_role t where 1=1 and t.p_deleted is null  ) ECTABLE  WHERE 1=1  limit 0,30
-------------
Hibernate: select role0_.p_id as p1_1_, role0_.p_name as p2_1_, role0_.p_createTime as p3_1_, role0_.p_modifyTime as p4_1_, role0_.p_creator as p5_1_, role0_.p_modifier as p6_1_, role0_.p_remark as p7_1_, role0_.p_deleted as p8_1_ from t_role role0_ where 1=1 and role0_.p_name='test'
Hibernate: select role0_.p_id as p1_1_0_, role0_.p_name as p2_1_0_, role0_.p_createTime as p3_1_0_, role0_.p_modifyTime as p4_1_0_, role0_.p_creator as p5_1_0_, role0_.p_modifier as p6_1_0_, role0_.p_remark as p7_1_0_, role0_.p_deleted as p8_1_0_ from t_role role0_ where role0_.p_id=?
Hibernate: select role0_.p_id as p1_1_0_, role0_.p_name as p2_1_0_, role0_.p_createTime as p3_1_0_, role0_.p_modifyTime as p4_1_0_, role0_.p_creator as p5_1_0_, role0_.p_modifier as p6_1_0_, role0_.p_remark as p7_1_0_, role0_.p_deleted as p8_1_0_ from t_role role0_ where role0_.p_id=?
Hibernate: update t_role set p_name=?, p_modifyTime=? where p_id=?
2009-06-23 22:04:18,062 INFO  [main] jdbc.EcTableDAOJdbcImpl4MySQL (EcTableDAOJdbcImpl4MySQL.java:89) - JDBC : SELECT count(*) FROM (     SELECT ECTABLE.*   FROM ( select t.p_id,t.p_name,t.p_createtime,t.p_modifytime,t.p_creator,t.p_modifier from t_role t where 1=1 and t.p_deleted is null  ) ECTABLE  WHERE 1=1  ) totalTable 
2009-06-23 22:04:18,062 INFO  [main] jdbc.EcTableDAOJdbcImpl4MySQL (EcTableDAOJdbcImpl4MySQL.java:78) - ECTABLE JDBC :    SELECT ECTABLE.*   FROM ( select t.p_id,t.p_name,t.p_createtime,t.p_modifytime,t.p_creator,t.p_modifier from t_role t where 1=1 and t.p_deleted is null  ) ECTABLE  WHERE 1=1  limit 0,30
-------------
2009-06-23 22:04:19,046 INFO  [main] jdbc.EcTableDAOJdbcImpl4MySQL (EcTableDAOJdbcImpl4MySQL.java:89) - JDBC : SELECT count(*) FROM (     SELECT ECTABLE.*   FROM ( select t.p_id,t.p_name,t.p_createtime,t.p_modifytime,t.p_creator,t.p_modifier from t_role t where 1=1 and t.p_deleted is null  ) ECTABLE  WHERE 1=1  ) totalTable 
2009-06-23 22:04:19,062 INFO  [main] jdbc.EcTableDAOJdbcImpl4MySQL (EcTableDAOJdbcImpl4MySQL.java:78) - ECTABLE JDBC :    SELECT ECTABLE.*   FROM ( select t.p_id,t.p_name,t.p_createtime,t.p_modifytime,t.p_creator,t.p_modifier from t_role t where 1=1 and t.p_deleted is null  ) ECTABLE  WHERE 1=1  limit 0,30
-------------
Hibernate: select role0_.p_id as p1_1_, role0_.p_name as p2_1_, role0_.p_createTime as p3_1_, role0_.p_modifyTime as p4_1_, role0_.p_creator as p5_1_, role0_.p_modifier as p6_1_, role0_.p_remark as p7_1_, role0_.p_deleted as p8_1_ from t_role role0_ where 1=1 and (role0_.p_deleted is null)
-------------
Hibernate: select role0_.p_id as p1_1_, role0_.p_name as p2_1_, role0_.p_createTime as p3_1_, role0_.p_modifyTime as p4_1_, role0_.p_creator as p5_1_, role0_.p_modifier as p6_1_, role0_.p_remark as p7_1_, role0_.p_deleted as p8_1_ from t_role role0_ where 1=1 and role0_.p_name='test'
Hibernate: select role0_.p_id as p1_1_0_, role0_.p_name as p2_1_0_, role0_.p_createTime as p3_1_0_, role0_.p_modifyTime as p4_1_0_, role0_.p_creator as p5_1_0_, role0_.p_modifier as p6_1_0_, role0_.p_remark as p7_1_0_, role0_.p_deleted as p8_1_0_ from t_role role0_ where role0_.p_id=?
-------------
]]></system-out>

      <system-err><![CDATA[]]></system-err>

  </testsuite>
</testsuites>
