<?xml version="1.0" encoding="UTF-8" ?>
<testsuite errors="0" failures="0" hostname="WWW-6746401C5A7" name="test.common.component.permission.action.AdminActionTest" tests="6" time="8.078" timestamp="2009-06-23T14:03:47">
  <properties>
[...]
</properties>
  <testcase classname="test.common.component.permission.action.AdminActionTest" name="testSave" time="1.438" />
  <testcase classname="test.common.component.permission.action.AdminActionTest" name="testDelete" time="1.593" />
  <testcase classname="test.common.component.permission.action.AdminActionTest" name="testUpdate" time="1.532" />
  <testcase classname="test.common.component.permission.action.AdminActionTest" name="testSearch" time="1.047" />
  <testcase classname="test.common.component.permission.action.AdminActionTest" name="testNewOne" time="1.062" />
  <testcase classname="test.common.component.permission.action.AdminActionTest" name="testEdit" time="1.375" />
  <system-out><![CDATA[Hibernate: select role0_.p_id as p1_1_, role0_.p_name as p2_1_, role0_.p_createTime as p3_1_, role0_.p_modifyTime as p4_1_, role0_.p_creator as p5_1_, role0_.p_modifier as p6_1_, role0_.p_remark as p7_1_, role0_.p_deleted as p8_1_ from t_role role0_ where 1=1 and (role0_.p_deleted is null)
Hibernate: select admin0_.p_id as p1_0_, admin0_.p_name as p2_0_, admin0_.p_password as p3_0_, admin0_.p_role as p4_0_, admin0_.p_username as p5_0_, admin0_.p_position as p6_0_, admin0_.p_group as p7_0_, admin0_.p_createTime as p8_0_, admin0_.p_modifyTime as p9_0_, admin0_.p_creator as p10_0_, admin0_.p_modifier as p11_0_, admin0_.p_remark as p12_0_, admin0_.p_deleted as p13_0_ from t_admin admin0_ where 1=1 and (admin0_.p_deleted is null) and admin0_.p_username='test'
Hibernate: insert into t_admin (p_name, p_password, p_role, p_username, p_createTime, p_id) values (?, ?, ?, ?, ?, ?)
2009-06-23 22:03:49,187 INFO  [main] jdbc.EcTableDAOJdbcImpl4MySQL (EcTableDAOJdbcImpl4MySQL.java:89) - JDBC : SELECT count(*) FROM (     SELECT ECTABLE.*   FROM ( select t.p_id,t.p_username,t.p_name,t.p_position,t.p_modifytime,t.p_creator,t.p_createtime,t.p_group,role.p_name p_rolename from t_admin t left join t_role role on t.p_role=role.p_id  where 1=1 and t.p_deleted is null and role.p_deleted is null  ) ECTABLE  WHERE 1=1  ) totalTable 
2009-06-23 22:03:49,187 INFO  [main] jdbc.EcTableDAOJdbcImpl4MySQL (EcTableDAOJdbcImpl4MySQL.java:78) - ECTABLE JDBC :    SELECT ECTABLE.*   FROM ( select t.p_id,t.p_username,t.p_name,t.p_position,t.p_modifytime,t.p_creator,t.p_createtime,t.p_group,role.p_name p_rolename from t_admin t left join t_role role on t.p_role=role.p_id  where 1=1 and t.p_deleted is null and role.p_deleted is null  ) ECTABLE  WHERE 1=1  limit 0,30
-------------
Hibernate: select admin0_.p_id as p1_0_, admin0_.p_name as p2_0_, admin0_.p_password as p3_0_, admin0_.p_role as p4_0_, admin0_.p_username as p5_0_, admin0_.p_position as p6_0_, admin0_.p_group as p7_0_, admin0_.p_createTime as p8_0_, admin0_.p_modifyTime as p9_0_, admin0_.p_creator as p10_0_, admin0_.p_modifier as p11_0_, admin0_.p_remark as p12_0_, admin0_.p_deleted as p13_0_ from t_admin admin0_ where 1=1 and admin0_.p_username='test' and (admin0_.p_deleted is null or admin0_.p_deleted='')
Hibernate: select admin0_.p_id as p1_0_0_, admin0_.p_name as p2_0_0_, admin0_.p_password as p3_0_0_, admin0_.p_role as p4_0_0_, admin0_.p_username as p5_0_0_, admin0_.p_position as p6_0_0_, admin0_.p_group as p7_0_0_, admin0_.p_createTime as p8_0_0_, admin0_.p_modifyTime as p9_0_0_, admin0_.p_creator as p10_0_0_, admin0_.p_modifier as p11_0_0_, admin0_.p_remark as p12_0_0_, admin0_.p_deleted as p13_0_0_ from t_admin admin0_ where admin0_.p_id=?
Hibernate: update t_admin set p_modifyTime=?, p_deleted=? where p_id=?
Hibernate: select role0_.p_id as p1_1_, role0_.p_name as p2_1_, role0_.p_createTime as p3_1_, role0_.p_modifyTime as p4_1_, role0_.p_creator as p5_1_, role0_.p_modifier as p6_1_, role0_.p_remark as p7_1_, role0_.p_deleted as p8_1_ from t_role role0_ where 1=1 and (role0_.p_deleted is null)
Hibernate: select admin0_.p_id as p1_0_, admin0_.p_name as p2_0_, admin0_.p_password as p3_0_, admin0_.p_role as p4_0_, admin0_.p_username as p5_0_, admin0_.p_position as p6_0_, admin0_.p_group as p7_0_, admin0_.p_createTime as p8_0_, admin0_.p_modifyTime as p9_0_, admin0_.p_creator as p10_0_, admin0_.p_modifier as p11_0_, admin0_.p_remark as p12_0_, admin0_.p_deleted as p13_0_ from t_admin admin0_ where 1=1 and (admin0_.p_deleted is null) and admin0_.p_username='test1'
Hibernate: insert into t_admin (p_name, p_password, p_role, p_username, p_createTime, p_id) values (?, ?, ?, ?, ?, ?)
Hibernate: select admin0_.p_id as p1_0_, admin0_.p_name as p2_0_, admin0_.p_password as p3_0_, admin0_.p_role as p4_0_, admin0_.p_username as p5_0_, admin0_.p_position as p6_0_, admin0_.p_group as p7_0_, admin0_.p_createTime as p8_0_, admin0_.p_modifyTime as p9_0_, admin0_.p_creator as p10_0_, admin0_.p_modifier as p11_0_, admin0_.p_remark as p12_0_, admin0_.p_deleted as p13_0_ from t_admin admin0_ where 1=1 and admin0_.p_username='test1' and (admin0_.p_deleted is null)
Hibernate: select admin0_.p_id as p1_0_0_, admin0_.p_name as p2_0_0_, admin0_.p_password as p3_0_0_, admin0_.p_role as p4_0_0_, admin0_.p_username as p5_0_0_, admin0_.p_position as p6_0_0_, admin0_.p_group as p7_0_0_, admin0_.p_createTime as p8_0_0_, admin0_.p_modifyTime as p9_0_0_, admin0_.p_creator as p10_0_0_, admin0_.p_modifier as p11_0_0_, admin0_.p_remark as p12_0_0_, admin0_.p_deleted as p13_0_0_ from t_admin admin0_ where admin0_.p_id=?
Hibernate: update t_admin set p_modifyTime=?, p_deleted=? where p_id=?
2009-06-23 22:03:50,906 INFO  [main] jdbc.EcTableDAOJdbcImpl4MySQL (EcTableDAOJdbcImpl4MySQL.java:89) - JDBC : SELECT count(*) FROM (     SELECT ECTABLE.*   FROM ( select t.p_id,t.p_username,t.p_name,t.p_position,t.p_modifytime,t.p_creator,t.p_createtime,t.p_group,role.p_name p_rolename from t_admin t left join t_role role on t.p_role=role.p_id  where 1=1 and t.p_deleted is null and role.p_deleted is null  ) ECTABLE  WHERE 1=1  ) totalTable 
2009-06-23 22:03:50,906 INFO  [main] jdbc.EcTableDAOJdbcImpl4MySQL (EcTableDAOJdbcImpl4MySQL.java:78) - ECTABLE JDBC :    SELECT ECTABLE.*   FROM ( select t.p_id,t.p_username,t.p_name,t.p_position,t.p_modifytime,t.p_creator,t.p_createtime,t.p_group,role.p_name p_rolename from t_admin t left join t_role role on t.p_role=role.p_id  where 1=1 and t.p_deleted is null and role.p_deleted is null  ) ECTABLE  WHERE 1=1  limit 0,30
-------------
Hibernate: select admin0_.p_id as p1_0_, admin0_.p_name as p2_0_, admin0_.p_password as p3_0_, admin0_.p_role as p4_0_, admin0_.p_username as p5_0_, admin0_.p_position as p6_0_, admin0_.p_group as p7_0_, admin0_.p_createTime as p8_0_, admin0_.p_modifyTime as p9_0_, admin0_.p_creator as p10_0_, admin0_.p_modifier as p11_0_, admin0_.p_remark as p12_0_, admin0_.p_deleted as p13_0_ from t_admin admin0_ where 1=1 and admin0_.p_username='test'
Hibernate: select role0_.p_id as p1_1_, role0_.p_name as p2_1_, role0_.p_createTime as p3_1_, role0_.p_modifyTime as p4_1_, role0_.p_creator as p5_1_, role0_.p_modifier as p6_1_, role0_.p_remark as p7_1_, role0_.p_deleted as p8_1_ from t_role role0_ where 1=1 and (role0_.p_deleted is null)
Hibernate: select admin0_.p_id as p1_0_0_, admin0_.p_name as p2_0_0_, admin0_.p_password as p3_0_0_, admin0_.p_role as p4_0_0_, admin0_.p_username as p5_0_0_, admin0_.p_position as p6_0_0_, admin0_.p_group as p7_0_0_, admin0_.p_createTime as p8_0_0_, admin0_.p_modifyTime as p9_0_0_, admin0_.p_creator as p10_0_0_, admin0_.p_modifier as p11_0_0_, admin0_.p_remark as p12_0_0_, admin0_.p_deleted as p13_0_0_ from t_admin admin0_ where admin0_.p_id=?
Hibernate: select admin0_.p_id as p1_0_0_, admin0_.p_name as p2_0_0_, admin0_.p_password as p3_0_0_, admin0_.p_role as p4_0_0_, admin0_.p_username as p5_0_0_, admin0_.p_position as p6_0_0_, admin0_.p_group as p7_0_0_, admin0_.p_createTime as p8_0_0_, admin0_.p_modifyTime as p9_0_0_, admin0_.p_creator as p10_0_0_, admin0_.p_modifier as p11_0_0_, admin0_.p_remark as p12_0_0_, admin0_.p_deleted as p13_0_0_ from t_admin admin0_ where admin0_.p_id=?
Hibernate: update t_admin set p_name=?, p_modifyTime=? where p_id=?
2009-06-23 22:03:52,421 INFO  [main] jdbc.EcTableDAOJdbcImpl4MySQL (EcTableDAOJdbcImpl4MySQL.java:89) - JDBC : SELECT count(*) FROM (     SELECT ECTABLE.*   FROM ( select t.p_id,t.p_username,t.p_name,t.p_position,t.p_modifytime,t.p_creator,t.p_createtime,t.p_group,role.p_name p_rolename from t_admin t left join t_role role on t.p_role=role.p_id  where 1=1 and t.p_deleted is null and role.p_deleted is null  ) ECTABLE  WHERE 1=1  ) totalTable 
2009-06-23 22:03:52,437 INFO  [main] jdbc.EcTableDAOJdbcImpl4MySQL (EcTableDAOJdbcImpl4MySQL.java:78) - ECTABLE JDBC :    SELECT ECTABLE.*   FROM ( select t.p_id,t.p_username,t.p_name,t.p_position,t.p_modifytime,t.p_creator,t.p_createtime,t.p_group,role.p_name p_rolename from t_admin t left join t_role role on t.p_role=role.p_id  where 1=1 and t.p_deleted is null and role.p_deleted is null  ) ECTABLE  WHERE 1=1  limit 0,30
-------------
2009-06-23 22:03:53,484 INFO  [main] jdbc.EcTableDAOJdbcImpl4MySQL (EcTableDAOJdbcImpl4MySQL.java:89) - JDBC : SELECT count(*) FROM (     SELECT ECTABLE.*   FROM ( select t.p_id,t.p_username,t.p_name,t.p_position,t.p_modifytime,t.p_creator,t.p_createtime,t.p_group,role.p_name p_rolename from t_admin t left join t_role role on t.p_role=role.p_id  where 1=1 and t.p_deleted is null and role.p_deleted is null  ) ECTABLE  WHERE 1=1  ) totalTable 
2009-06-23 22:03:53,500 INFO  [main] jdbc.EcTableDAOJdbcImpl4MySQL (EcTableDAOJdbcImpl4MySQL.java:78) - ECTABLE JDBC :    SELECT ECTABLE.*   FROM ( select t.p_id,t.p_username,t.p_name,t.p_position,t.p_modifytime,t.p_creator,t.p_createtime,t.p_group,role.p_name p_rolename from t_admin t left join t_role role on t.p_role=role.p_id  where 1=1 and t.p_deleted is null and role.p_deleted is null  ) ECTABLE  WHERE 1=1  limit 0,30
-------------
Hibernate: select role0_.p_id as p1_1_, role0_.p_name as p2_1_, role0_.p_createTime as p3_1_, role0_.p_modifyTime as p4_1_, role0_.p_creator as p5_1_, role0_.p_modifier as p6_1_, role0_.p_remark as p7_1_, role0_.p_deleted as p8_1_ from t_role role0_ where 1=1 and (role0_.p_deleted is null)
-------------
Hibernate: select admin0_.p_id as p1_0_, admin0_.p_name as p2_0_, admin0_.p_password as p3_0_, admin0_.p_role as p4_0_, admin0_.p_username as p5_0_, admin0_.p_position as p6_0_, admin0_.p_group as p7_0_, admin0_.p_createTime as p8_0_, admin0_.p_modifyTime as p9_0_, admin0_.p_creator as p10_0_, admin0_.p_modifier as p11_0_, admin0_.p_remark as p12_0_, admin0_.p_deleted as p13_0_ from t_admin admin0_ where 1=1 and admin0_.p_username='test'
Hibernate: select role0_.p_id as p1_1_, role0_.p_name as p2_1_, role0_.p_createTime as p3_1_, role0_.p_modifyTime as p4_1_, role0_.p_creator as p5_1_, role0_.p_modifier as p6_1_, role0_.p_remark as p7_1_, role0_.p_deleted as p8_1_ from t_role role0_ where 1=1 and (role0_.p_deleted is null)
Hibernate: select admin0_.p_id as p1_0_0_, admin0_.p_name as p2_0_0_, admin0_.p_password as p3_0_0_, admin0_.p_role as p4_0_0_, admin0_.p_username as p5_0_0_, admin0_.p_position as p6_0_0_, admin0_.p_group as p7_0_0_, admin0_.p_createTime as p8_0_0_, admin0_.p_modifyTime as p9_0_0_, admin0_.p_creator as p10_0_0_, admin0_.p_modifier as p11_0_0_, admin0_.p_remark as p12_0_0_, admin0_.p_deleted as p13_0_0_ from t_admin admin0_ where admin0_.p_id=?
-------------
]]></system-out>
  <system-err><![CDATA[]]></system-err>
</testsuite>
